ARM GAS  C:\Users\Artem\AppData\Local\Temp\ccKah4mp.s 			page 1


   1              		.cpu cortex-m3
   2              		.arch armv7-m
   3              		.fpu softvfp
   4              		.eabi_attribute 20, 1
   5              		.eabi_attribute 21, 1
   6              		.eabi_attribute 23, 3
   7              		.eabi_attribute 24, 1
   8              		.eabi_attribute 25, 1
   9              		.eabi_attribute 26, 1
  10              		.eabi_attribute 30, 1
  11              		.eabi_attribute 34, 1
  12              		.eabi_attribute 18, 4
  13              		.file	"stm32f2xx_hal_pcd_ex.c"
  14              		.text
  15              	.Ltext0:
  16              		.cfi_sections	.debug_frame
  17              		.section	.text.HAL_PCDEx_SetTxFiFo,"ax",%progbits
  18              		.align	1
  19              		.global	HAL_PCDEx_SetTxFiFo
  20              		.syntax unified
  21              		.thumb
  22              		.thumb_func
  24              	HAL_PCDEx_SetTxFiFo:
  25              	.LVL0:
  26              	.LFB72:
  27              		.file 1 "Drivers/STM32F2xx_HAL_Driver/Src/stm32f2xx_hal_pcd_ex.c"
   1:Drivers/STM32F2xx_HAL_Driver/Src/stm32f2xx_hal_pcd_ex.c **** /**
   2:Drivers/STM32F2xx_HAL_Driver/Src/stm32f2xx_hal_pcd_ex.c ****   ******************************************************************************
   3:Drivers/STM32F2xx_HAL_Driver/Src/stm32f2xx_hal_pcd_ex.c ****   * @file    stm32f2xx_hal_pcd_ex.c
   4:Drivers/STM32F2xx_HAL_Driver/Src/stm32f2xx_hal_pcd_ex.c ****   * @author  MCD Application Team
   5:Drivers/STM32F2xx_HAL_Driver/Src/stm32f2xx_hal_pcd_ex.c ****   * @brief   PCD Extended HAL module driver.
   6:Drivers/STM32F2xx_HAL_Driver/Src/stm32f2xx_hal_pcd_ex.c ****   *          This file provides firmware functions to manage the following
   7:Drivers/STM32F2xx_HAL_Driver/Src/stm32f2xx_hal_pcd_ex.c ****   *          functionalities of the USB Peripheral Controller:
   8:Drivers/STM32F2xx_HAL_Driver/Src/stm32f2xx_hal_pcd_ex.c ****   *           + Extended features functions
   9:Drivers/STM32F2xx_HAL_Driver/Src/stm32f2xx_hal_pcd_ex.c ****   *
  10:Drivers/STM32F2xx_HAL_Driver/Src/stm32f2xx_hal_pcd_ex.c ****   ******************************************************************************
  11:Drivers/STM32F2xx_HAL_Driver/Src/stm32f2xx_hal_pcd_ex.c ****   * @attention
  12:Drivers/STM32F2xx_HAL_Driver/Src/stm32f2xx_hal_pcd_ex.c ****   *
  13:Drivers/STM32F2xx_HAL_Driver/Src/stm32f2xx_hal_pcd_ex.c ****   * <h2><center>&copy; Copyright (c) 2016 STMicroelectronics.
  14:Drivers/STM32F2xx_HAL_Driver/Src/stm32f2xx_hal_pcd_ex.c ****   * All rights reserved.</center></h2>
  15:Drivers/STM32F2xx_HAL_Driver/Src/stm32f2xx_hal_pcd_ex.c ****   *
  16:Drivers/STM32F2xx_HAL_Driver/Src/stm32f2xx_hal_pcd_ex.c ****   * This software component is licensed by ST under BSD 3-Clause license,
  17:Drivers/STM32F2xx_HAL_Driver/Src/stm32f2xx_hal_pcd_ex.c ****   * the "License"; You may not use this file except in compliance with the
  18:Drivers/STM32F2xx_HAL_Driver/Src/stm32f2xx_hal_pcd_ex.c ****   * License. You may obtain a copy of the License at:
  19:Drivers/STM32F2xx_HAL_Driver/Src/stm32f2xx_hal_pcd_ex.c ****   *                        opensource.org/licenses/BSD-3-Clause
  20:Drivers/STM32F2xx_HAL_Driver/Src/stm32f2xx_hal_pcd_ex.c ****   *
  21:Drivers/STM32F2xx_HAL_Driver/Src/stm32f2xx_hal_pcd_ex.c ****   ******************************************************************************
  22:Drivers/STM32F2xx_HAL_Driver/Src/stm32f2xx_hal_pcd_ex.c ****   */
  23:Drivers/STM32F2xx_HAL_Driver/Src/stm32f2xx_hal_pcd_ex.c **** 
  24:Drivers/STM32F2xx_HAL_Driver/Src/stm32f2xx_hal_pcd_ex.c **** /* Includes ------------------------------------------------------------------*/
  25:Drivers/STM32F2xx_HAL_Driver/Src/stm32f2xx_hal_pcd_ex.c **** #include "stm32f2xx_hal.h"
  26:Drivers/STM32F2xx_HAL_Driver/Src/stm32f2xx_hal_pcd_ex.c **** 
  27:Drivers/STM32F2xx_HAL_Driver/Src/stm32f2xx_hal_pcd_ex.c **** /** @addtogroup STM32F2xx_HAL_Driver
  28:Drivers/STM32F2xx_HAL_Driver/Src/stm32f2xx_hal_pcd_ex.c ****   * @{
  29:Drivers/STM32F2xx_HAL_Driver/Src/stm32f2xx_hal_pcd_ex.c ****   */
  30:Drivers/STM32F2xx_HAL_Driver/Src/stm32f2xx_hal_pcd_ex.c **** 
  31:Drivers/STM32F2xx_HAL_Driver/Src/stm32f2xx_hal_pcd_ex.c **** /** @defgroup PCDEx PCDEx
ARM GAS  C:\Users\Artem\AppData\Local\Temp\ccKah4mp.s 			page 2


  32:Drivers/STM32F2xx_HAL_Driver/Src/stm32f2xx_hal_pcd_ex.c ****   * @brief PCD Extended HAL module driver
  33:Drivers/STM32F2xx_HAL_Driver/Src/stm32f2xx_hal_pcd_ex.c ****   * @{
  34:Drivers/STM32F2xx_HAL_Driver/Src/stm32f2xx_hal_pcd_ex.c ****   */
  35:Drivers/STM32F2xx_HAL_Driver/Src/stm32f2xx_hal_pcd_ex.c **** 
  36:Drivers/STM32F2xx_HAL_Driver/Src/stm32f2xx_hal_pcd_ex.c **** #ifdef HAL_PCD_MODULE_ENABLED
  37:Drivers/STM32F2xx_HAL_Driver/Src/stm32f2xx_hal_pcd_ex.c **** 
  38:Drivers/STM32F2xx_HAL_Driver/Src/stm32f2xx_hal_pcd_ex.c **** #if defined (USB_OTG_FS) || defined (USB_OTG_HS)
  39:Drivers/STM32F2xx_HAL_Driver/Src/stm32f2xx_hal_pcd_ex.c **** /* Private types -------------------------------------------------------------*/
  40:Drivers/STM32F2xx_HAL_Driver/Src/stm32f2xx_hal_pcd_ex.c **** /* Private variables ---------------------------------------------------------*/
  41:Drivers/STM32F2xx_HAL_Driver/Src/stm32f2xx_hal_pcd_ex.c **** /* Private constants ---------------------------------------------------------*/
  42:Drivers/STM32F2xx_HAL_Driver/Src/stm32f2xx_hal_pcd_ex.c **** /* Private macros ------------------------------------------------------------*/
  43:Drivers/STM32F2xx_HAL_Driver/Src/stm32f2xx_hal_pcd_ex.c **** /* Private functions ---------------------------------------------------------*/
  44:Drivers/STM32F2xx_HAL_Driver/Src/stm32f2xx_hal_pcd_ex.c **** /* Exported functions --------------------------------------------------------*/
  45:Drivers/STM32F2xx_HAL_Driver/Src/stm32f2xx_hal_pcd_ex.c **** 
  46:Drivers/STM32F2xx_HAL_Driver/Src/stm32f2xx_hal_pcd_ex.c **** /** @defgroup PCDEx_Exported_Functions PCDEx Exported Functions
  47:Drivers/STM32F2xx_HAL_Driver/Src/stm32f2xx_hal_pcd_ex.c ****   * @{
  48:Drivers/STM32F2xx_HAL_Driver/Src/stm32f2xx_hal_pcd_ex.c ****   */
  49:Drivers/STM32F2xx_HAL_Driver/Src/stm32f2xx_hal_pcd_ex.c **** 
  50:Drivers/STM32F2xx_HAL_Driver/Src/stm32f2xx_hal_pcd_ex.c **** /** @defgroup PCDEx_Exported_Functions_Group1 Peripheral Control functions
  51:Drivers/STM32F2xx_HAL_Driver/Src/stm32f2xx_hal_pcd_ex.c ****   * @brief    PCDEx control functions
  52:Drivers/STM32F2xx_HAL_Driver/Src/stm32f2xx_hal_pcd_ex.c ****   *
  53:Drivers/STM32F2xx_HAL_Driver/Src/stm32f2xx_hal_pcd_ex.c **** @verbatim
  54:Drivers/STM32F2xx_HAL_Driver/Src/stm32f2xx_hal_pcd_ex.c ****  ===============================================================================
  55:Drivers/STM32F2xx_HAL_Driver/Src/stm32f2xx_hal_pcd_ex.c ****                  ##### Extended features functions #####
  56:Drivers/STM32F2xx_HAL_Driver/Src/stm32f2xx_hal_pcd_ex.c ****  ===============================================================================
  57:Drivers/STM32F2xx_HAL_Driver/Src/stm32f2xx_hal_pcd_ex.c ****     [..]  This section provides functions allowing to:
  58:Drivers/STM32F2xx_HAL_Driver/Src/stm32f2xx_hal_pcd_ex.c ****       (+) Update FIFO configuration
  59:Drivers/STM32F2xx_HAL_Driver/Src/stm32f2xx_hal_pcd_ex.c **** 
  60:Drivers/STM32F2xx_HAL_Driver/Src/stm32f2xx_hal_pcd_ex.c **** @endverbatim
  61:Drivers/STM32F2xx_HAL_Driver/Src/stm32f2xx_hal_pcd_ex.c ****   * @{
  62:Drivers/STM32F2xx_HAL_Driver/Src/stm32f2xx_hal_pcd_ex.c ****   */
  63:Drivers/STM32F2xx_HAL_Driver/Src/stm32f2xx_hal_pcd_ex.c **** #if defined (USB_OTG_FS) || defined (USB_OTG_HS)
  64:Drivers/STM32F2xx_HAL_Driver/Src/stm32f2xx_hal_pcd_ex.c **** /**
  65:Drivers/STM32F2xx_HAL_Driver/Src/stm32f2xx_hal_pcd_ex.c ****   * @brief  Set Tx FIFO
  66:Drivers/STM32F2xx_HAL_Driver/Src/stm32f2xx_hal_pcd_ex.c ****   * @param  hpcd PCD handle
  67:Drivers/STM32F2xx_HAL_Driver/Src/stm32f2xx_hal_pcd_ex.c ****   * @param  fifo The number of Tx fifo
  68:Drivers/STM32F2xx_HAL_Driver/Src/stm32f2xx_hal_pcd_ex.c ****   * @param  size Fifo size
  69:Drivers/STM32F2xx_HAL_Driver/Src/stm32f2xx_hal_pcd_ex.c ****   * @retval HAL status
  70:Drivers/STM32F2xx_HAL_Driver/Src/stm32f2xx_hal_pcd_ex.c ****   */
  71:Drivers/STM32F2xx_HAL_Driver/Src/stm32f2xx_hal_pcd_ex.c **** HAL_StatusTypeDef HAL_PCDEx_SetTxFiFo(PCD_HandleTypeDef *hpcd, uint8_t fifo, uint16_t size)
  72:Drivers/STM32F2xx_HAL_Driver/Src/stm32f2xx_hal_pcd_ex.c **** {
  28              		.loc 1 72 1 view -0
  29              		.cfi_startproc
  30              		@ args = 0, pretend = 0, frame = 0
  31              		@ frame_needed = 0, uses_anonymous_args = 0
  32              		@ link register save eliminated.
  33              		.loc 1 72 1 is_stmt 0 view .LVU1
  34 0000 10B4     		push	{r4}
  35              	.LCFI0:
  36              		.cfi_def_cfa_offset 4
  37              		.cfi_offset 4, -4
  73:Drivers/STM32F2xx_HAL_Driver/Src/stm32f2xx_hal_pcd_ex.c ****   uint8_t i;
  38              		.loc 1 73 3 is_stmt 1 view .LVU2
  74:Drivers/STM32F2xx_HAL_Driver/Src/stm32f2xx_hal_pcd_ex.c ****   uint32_t Tx_Offset;
  39              		.loc 1 74 3 view .LVU3
  75:Drivers/STM32F2xx_HAL_Driver/Src/stm32f2xx_hal_pcd_ex.c **** 
  76:Drivers/STM32F2xx_HAL_Driver/Src/stm32f2xx_hal_pcd_ex.c ****   /*  TXn min size = 16 words. (n  : Transmit FIFO index)
ARM GAS  C:\Users\Artem\AppData\Local\Temp\ccKah4mp.s 			page 3


  77:Drivers/STM32F2xx_HAL_Driver/Src/stm32f2xx_hal_pcd_ex.c ****       When a TxFIFO is not used, the Configuration should be as follows:
  78:Drivers/STM32F2xx_HAL_Driver/Src/stm32f2xx_hal_pcd_ex.c ****           case 1 :  n > m    and Txn is not used    (n,m  : Transmit FIFO indexes)
  79:Drivers/STM32F2xx_HAL_Driver/Src/stm32f2xx_hal_pcd_ex.c ****          --> Txm can use the space allocated for Txn.
  80:Drivers/STM32F2xx_HAL_Driver/Src/stm32f2xx_hal_pcd_ex.c ****          case2  :  n < m    and Txn is not used    (n,m  : Transmit FIFO indexes)
  81:Drivers/STM32F2xx_HAL_Driver/Src/stm32f2xx_hal_pcd_ex.c ****          --> Txn should be configured with the minimum space of 16 words
  82:Drivers/STM32F2xx_HAL_Driver/Src/stm32f2xx_hal_pcd_ex.c ****      The FIFO is used optimally when used TxFIFOs are allocated in the top
  83:Drivers/STM32F2xx_HAL_Driver/Src/stm32f2xx_hal_pcd_ex.c ****          of the FIFO.Ex: use EP1 and EP2 as IN instead of EP1 and EP3 as IN ones.
  84:Drivers/STM32F2xx_HAL_Driver/Src/stm32f2xx_hal_pcd_ex.c ****      When DMA is used 3n * FIFO locations should be reserved for internal DMA registers */
  85:Drivers/STM32F2xx_HAL_Driver/Src/stm32f2xx_hal_pcd_ex.c **** 
  86:Drivers/STM32F2xx_HAL_Driver/Src/stm32f2xx_hal_pcd_ex.c ****   Tx_Offset = hpcd->Instance->GRXFSIZ;
  40              		.loc 1 86 3 view .LVU4
  41              		.loc 1 86 19 is_stmt 0 view .LVU5
  42 0002 0468     		ldr	r4, [r0]
  43              		.loc 1 86 13 view .LVU6
  44 0004 606A     		ldr	r0, [r4, #36]
  45              	.LVL1:
  87:Drivers/STM32F2xx_HAL_Driver/Src/stm32f2xx_hal_pcd_ex.c **** 
  88:Drivers/STM32F2xx_HAL_Driver/Src/stm32f2xx_hal_pcd_ex.c ****   if (fifo == 0U)
  46              		.loc 1 88 3 is_stmt 1 view .LVU7
  47              		.loc 1 88 6 is_stmt 0 view .LVU8
  48 0006 29B9     		cbnz	r1, .L2
  89:Drivers/STM32F2xx_HAL_Driver/Src/stm32f2xx_hal_pcd_ex.c ****   {
  90:Drivers/STM32F2xx_HAL_Driver/Src/stm32f2xx_hal_pcd_ex.c ****     hpcd->Instance->DIEPTXF0_HNPTXFSIZ = ((uint32_t)size << 16) | Tx_Offset;
  49              		.loc 1 90 5 is_stmt 1 view .LVU9
  50              		.loc 1 90 65 is_stmt 0 view .LVU10
  51 0008 40EA0240 		orr	r0, r0, r2, lsl #16
  52              	.LVL2:
  53              		.loc 1 90 40 view .LVU11
  54 000c A062     		str	r0, [r4, #40]
  55              	.LVL3:
  56              	.L3:
  91:Drivers/STM32F2xx_HAL_Driver/Src/stm32f2xx_hal_pcd_ex.c ****   }
  92:Drivers/STM32F2xx_HAL_Driver/Src/stm32f2xx_hal_pcd_ex.c ****   else
  93:Drivers/STM32F2xx_HAL_Driver/Src/stm32f2xx_hal_pcd_ex.c ****   {
  94:Drivers/STM32F2xx_HAL_Driver/Src/stm32f2xx_hal_pcd_ex.c ****     Tx_Offset += (hpcd->Instance->DIEPTXF0_HNPTXFSIZ) >> 16;
  95:Drivers/STM32F2xx_HAL_Driver/Src/stm32f2xx_hal_pcd_ex.c ****     for (i = 0U; i < (fifo - 1U); i++)
  96:Drivers/STM32F2xx_HAL_Driver/Src/stm32f2xx_hal_pcd_ex.c ****     {
  97:Drivers/STM32F2xx_HAL_Driver/Src/stm32f2xx_hal_pcd_ex.c ****       Tx_Offset += (hpcd->Instance->DIEPTXF[i] >> 16);
  98:Drivers/STM32F2xx_HAL_Driver/Src/stm32f2xx_hal_pcd_ex.c ****     }
  99:Drivers/STM32F2xx_HAL_Driver/Src/stm32f2xx_hal_pcd_ex.c **** 
 100:Drivers/STM32F2xx_HAL_Driver/Src/stm32f2xx_hal_pcd_ex.c ****     /* Multiply Tx_Size by 2 to get higher performance */
 101:Drivers/STM32F2xx_HAL_Driver/Src/stm32f2xx_hal_pcd_ex.c ****     hpcd->Instance->DIEPTXF[fifo - 1U] = ((uint32_t)size << 16) | Tx_Offset;
 102:Drivers/STM32F2xx_HAL_Driver/Src/stm32f2xx_hal_pcd_ex.c ****   }
 103:Drivers/STM32F2xx_HAL_Driver/Src/stm32f2xx_hal_pcd_ex.c **** 
 104:Drivers/STM32F2xx_HAL_Driver/Src/stm32f2xx_hal_pcd_ex.c ****   return HAL_OK;
  57              		.loc 1 104 3 is_stmt 1 view .LVU12
 105:Drivers/STM32F2xx_HAL_Driver/Src/stm32f2xx_hal_pcd_ex.c **** }
  58              		.loc 1 105 1 is_stmt 0 view .LVU13
  59 000e 0020     		movs	r0, #0
  60 0010 10BC     		pop	{r4}
  61              	.LCFI1:
  62              		.cfi_remember_state
  63              		.cfi_restore 4
  64              		.cfi_def_cfa_offset 0
  65 0012 7047     		bx	lr
  66              	.LVL4:
  67              	.L2:
ARM GAS  C:\Users\Artem\AppData\Local\Temp\ccKah4mp.s 			page 4


  68              	.LCFI2:
  69              		.cfi_restore_state
  70              		.loc 1 105 1 view .LVU14
  71 0014 8C46     		mov	ip, r1
  94:Drivers/STM32F2xx_HAL_Driver/Src/stm32f2xx_hal_pcd_ex.c ****     for (i = 0U; i < (fifo - 1U); i++)
  72              		.loc 1 94 5 is_stmt 1 view .LVU15
  94:Drivers/STM32F2xx_HAL_Driver/Src/stm32f2xx_hal_pcd_ex.c ****     for (i = 0U; i < (fifo - 1U); i++)
  73              		.loc 1 94 33 is_stmt 0 view .LVU16
  74 0016 A36A     		ldr	r3, [r4, #40]
  94:Drivers/STM32F2xx_HAL_Driver/Src/stm32f2xx_hal_pcd_ex.c ****     for (i = 0U; i < (fifo - 1U); i++)
  75              		.loc 1 94 15 view .LVU17
  76 0018 00EB1340 		add	r0, r0, r3, lsr #16
  77              	.LVL5:
  95:Drivers/STM32F2xx_HAL_Driver/Src/stm32f2xx_hal_pcd_ex.c ****     {
  78              		.loc 1 95 5 is_stmt 1 view .LVU18
  95:Drivers/STM32F2xx_HAL_Driver/Src/stm32f2xx_hal_pcd_ex.c ****     {
  79              		.loc 1 95 12 is_stmt 0 view .LVU19
  80 001c 0023     		movs	r3, #0
  95:Drivers/STM32F2xx_HAL_Driver/Src/stm32f2xx_hal_pcd_ex.c ****     {
  81              		.loc 1 95 5 view .LVU20
  82 001e 08E0     		b	.L4
  83              	.LVL6:
  84              	.L5:
  97:Drivers/STM32F2xx_HAL_Driver/Src/stm32f2xx_hal_pcd_ex.c ****     }
  85              		.loc 1 97 7 is_stmt 1 discriminator 3 view .LVU21
  97:Drivers/STM32F2xx_HAL_Driver/Src/stm32f2xx_hal_pcd_ex.c ****     }
  86              		.loc 1 97 44 is_stmt 0 discriminator 3 view .LVU22
  87 0020 03F14001 		add	r1, r3, #64
  88 0024 04EB8101 		add	r1, r4, r1, lsl #2
  89 0028 4968     		ldr	r1, [r1, #4]
  97:Drivers/STM32F2xx_HAL_Driver/Src/stm32f2xx_hal_pcd_ex.c ****     }
  90              		.loc 1 97 17 discriminator 3 view .LVU23
  91 002a 00EB1140 		add	r0, r0, r1, lsr #16
  92              	.LVL7:
  95:Drivers/STM32F2xx_HAL_Driver/Src/stm32f2xx_hal_pcd_ex.c ****     {
  93              		.loc 1 95 35 is_stmt 1 discriminator 3 view .LVU24
  95:Drivers/STM32F2xx_HAL_Driver/Src/stm32f2xx_hal_pcd_ex.c ****     {
  94              		.loc 1 95 36 is_stmt 0 discriminator 3 view .LVU25
  95 002e 0133     		adds	r3, r3, #1
  96              	.LVL8:
  95:Drivers/STM32F2xx_HAL_Driver/Src/stm32f2xx_hal_pcd_ex.c ****     {
  97              		.loc 1 95 36 discriminator 3 view .LVU26
  98 0030 DBB2     		uxtb	r3, r3
  99              	.LVL9:
 100              	.L4:
  95:Drivers/STM32F2xx_HAL_Driver/Src/stm32f2xx_hal_pcd_ex.c ****     {
 101              		.loc 1 95 18 is_stmt 1 discriminator 1 view .LVU27
  95:Drivers/STM32F2xx_HAL_Driver/Src/stm32f2xx_hal_pcd_ex.c ****     {
 102              		.loc 1 95 28 is_stmt 0 discriminator 1 view .LVU28
 103 0032 0CF1FF31 		add	r1, ip, #-1
  95:Drivers/STM32F2xx_HAL_Driver/Src/stm32f2xx_hal_pcd_ex.c ****     {
 104              		.loc 1 95 5 discriminator 1 view .LVU29
 105 0036 8B42     		cmp	r3, r1
 106 0038 F2D3     		bcc	.L5
 101:Drivers/STM32F2xx_HAL_Driver/Src/stm32f2xx_hal_pcd_ex.c ****   }
 107              		.loc 1 101 5 is_stmt 1 view .LVU30
 101:Drivers/STM32F2xx_HAL_Driver/Src/stm32f2xx_hal_pcd_ex.c ****   }
ARM GAS  C:\Users\Artem\AppData\Local\Temp\ccKah4mp.s 			page 5


 108              		.loc 1 101 65 is_stmt 0 view .LVU31
 109 003a 40EA0240 		orr	r0, r0, r2, lsl #16
 110              	.LVL10:
 101:Drivers/STM32F2xx_HAL_Driver/Src/stm32f2xx_hal_pcd_ex.c ****   }
 111              		.loc 1 101 40 view .LVU32
 112 003e 0CF13F01 		add	r1, ip, #63
 113 0042 04EB8101 		add	r1, r4, r1, lsl #2
 114 0046 4860     		str	r0, [r1, #4]
 115 0048 E1E7     		b	.L3
 116              		.cfi_endproc
 117              	.LFE72:
 119              		.section	.text.HAL_PCDEx_SetRxFiFo,"ax",%progbits
 120              		.align	1
 121              		.global	HAL_PCDEx_SetRxFiFo
 122              		.syntax unified
 123              		.thumb
 124              		.thumb_func
 126              	HAL_PCDEx_SetRxFiFo:
 127              	.LVL11:
 128              	.LFB73:
 106:Drivers/STM32F2xx_HAL_Driver/Src/stm32f2xx_hal_pcd_ex.c **** 
 107:Drivers/STM32F2xx_HAL_Driver/Src/stm32f2xx_hal_pcd_ex.c **** /**
 108:Drivers/STM32F2xx_HAL_Driver/Src/stm32f2xx_hal_pcd_ex.c ****   * @brief  Set Rx FIFO
 109:Drivers/STM32F2xx_HAL_Driver/Src/stm32f2xx_hal_pcd_ex.c ****   * @param  hpcd PCD handle
 110:Drivers/STM32F2xx_HAL_Driver/Src/stm32f2xx_hal_pcd_ex.c ****   * @param  size Size of Rx fifo
 111:Drivers/STM32F2xx_HAL_Driver/Src/stm32f2xx_hal_pcd_ex.c ****   * @retval HAL status
 112:Drivers/STM32F2xx_HAL_Driver/Src/stm32f2xx_hal_pcd_ex.c ****   */
 113:Drivers/STM32F2xx_HAL_Driver/Src/stm32f2xx_hal_pcd_ex.c **** HAL_StatusTypeDef HAL_PCDEx_SetRxFiFo(PCD_HandleTypeDef *hpcd, uint16_t size)
 114:Drivers/STM32F2xx_HAL_Driver/Src/stm32f2xx_hal_pcd_ex.c **** {
 129              		.loc 1 114 1 is_stmt 1 view -0
 130              		.cfi_startproc
 131              		@ args = 0, pretend = 0, frame = 0
 132              		@ frame_needed = 0, uses_anonymous_args = 0
 133              		@ link register save eliminated.
 115:Drivers/STM32F2xx_HAL_Driver/Src/stm32f2xx_hal_pcd_ex.c ****   hpcd->Instance->GRXFSIZ = size;
 134              		.loc 1 115 3 view .LVU34
 135              		.loc 1 115 7 is_stmt 0 view .LVU35
 136 0000 0368     		ldr	r3, [r0]
 137              		.loc 1 115 27 view .LVU36
 138 0002 5962     		str	r1, [r3, #36]
 116:Drivers/STM32F2xx_HAL_Driver/Src/stm32f2xx_hal_pcd_ex.c **** 
 117:Drivers/STM32F2xx_HAL_Driver/Src/stm32f2xx_hal_pcd_ex.c ****   return HAL_OK;
 139              		.loc 1 117 3 is_stmt 1 view .LVU37
 118:Drivers/STM32F2xx_HAL_Driver/Src/stm32f2xx_hal_pcd_ex.c **** }
 140              		.loc 1 118 1 is_stmt 0 view .LVU38
 141 0004 0020     		movs	r0, #0
 142              	.LVL12:
 143              		.loc 1 118 1 view .LVU39
 144 0006 7047     		bx	lr
 145              		.cfi_endproc
 146              	.LFE73:
 148              		.section	.text.HAL_PCDEx_LPM_Callback,"ax",%progbits
 149              		.align	1
 150              		.weak	HAL_PCDEx_LPM_Callback
 151              		.syntax unified
 152              		.thumb
 153              		.thumb_func
ARM GAS  C:\Users\Artem\AppData\Local\Temp\ccKah4mp.s 			page 6


 155              	HAL_PCDEx_LPM_Callback:
 156              	.LVL13:
 157              	.LFB74:
 119:Drivers/STM32F2xx_HAL_Driver/Src/stm32f2xx_hal_pcd_ex.c **** #endif /* defined (USB_OTG_FS) || defined (USB_OTG_HS) */
 120:Drivers/STM32F2xx_HAL_Driver/Src/stm32f2xx_hal_pcd_ex.c **** 
 121:Drivers/STM32F2xx_HAL_Driver/Src/stm32f2xx_hal_pcd_ex.c **** /**
 122:Drivers/STM32F2xx_HAL_Driver/Src/stm32f2xx_hal_pcd_ex.c ****   * @brief  Send LPM message to user layer callback.
 123:Drivers/STM32F2xx_HAL_Driver/Src/stm32f2xx_hal_pcd_ex.c ****   * @param  hpcd PCD handle
 124:Drivers/STM32F2xx_HAL_Driver/Src/stm32f2xx_hal_pcd_ex.c ****   * @param  msg LPM message
 125:Drivers/STM32F2xx_HAL_Driver/Src/stm32f2xx_hal_pcd_ex.c ****   * @retval HAL status
 126:Drivers/STM32F2xx_HAL_Driver/Src/stm32f2xx_hal_pcd_ex.c ****   */
 127:Drivers/STM32F2xx_HAL_Driver/Src/stm32f2xx_hal_pcd_ex.c **** __weak void HAL_PCDEx_LPM_Callback(PCD_HandleTypeDef *hpcd, PCD_LPM_MsgTypeDef msg)
 128:Drivers/STM32F2xx_HAL_Driver/Src/stm32f2xx_hal_pcd_ex.c **** {
 158              		.loc 1 128 1 is_stmt 1 view -0
 159              		.cfi_startproc
 160              		@ args = 0, pretend = 0, frame = 0
 161              		@ frame_needed = 0, uses_anonymous_args = 0
 162              		@ link register save eliminated.
 129:Drivers/STM32F2xx_HAL_Driver/Src/stm32f2xx_hal_pcd_ex.c ****   /* Prevent unused argument(s) compilation warning */
 130:Drivers/STM32F2xx_HAL_Driver/Src/stm32f2xx_hal_pcd_ex.c ****   UNUSED(hpcd);
 163              		.loc 1 130 3 view .LVU41
 131:Drivers/STM32F2xx_HAL_Driver/Src/stm32f2xx_hal_pcd_ex.c ****   UNUSED(msg);
 164              		.loc 1 131 3 view .LVU42
 132:Drivers/STM32F2xx_HAL_Driver/Src/stm32f2xx_hal_pcd_ex.c **** 
 133:Drivers/STM32F2xx_HAL_Driver/Src/stm32f2xx_hal_pcd_ex.c ****   /* NOTE : This function should not be modified, when the callback is needed,
 134:Drivers/STM32F2xx_HAL_Driver/Src/stm32f2xx_hal_pcd_ex.c ****             the HAL_PCDEx_LPM_Callback could be implemented in the user file
 135:Drivers/STM32F2xx_HAL_Driver/Src/stm32f2xx_hal_pcd_ex.c ****    */
 136:Drivers/STM32F2xx_HAL_Driver/Src/stm32f2xx_hal_pcd_ex.c **** }
 165              		.loc 1 136 1 is_stmt 0 view .LVU43
 166 0000 7047     		bx	lr
 167              		.cfi_endproc
 168              	.LFE74:
 170              		.section	.text.HAL_PCDEx_BCD_Callback,"ax",%progbits
 171              		.align	1
 172              		.weak	HAL_PCDEx_BCD_Callback
 173              		.syntax unified
 174              		.thumb
 175              		.thumb_func
 177              	HAL_PCDEx_BCD_Callback:
 178              	.LVL14:
 179              	.LFB75:
 137:Drivers/STM32F2xx_HAL_Driver/Src/stm32f2xx_hal_pcd_ex.c **** 
 138:Drivers/STM32F2xx_HAL_Driver/Src/stm32f2xx_hal_pcd_ex.c **** /**
 139:Drivers/STM32F2xx_HAL_Driver/Src/stm32f2xx_hal_pcd_ex.c ****   * @brief  Send BatteryCharging message to user layer callback.
 140:Drivers/STM32F2xx_HAL_Driver/Src/stm32f2xx_hal_pcd_ex.c ****   * @param  hpcd PCD handle
 141:Drivers/STM32F2xx_HAL_Driver/Src/stm32f2xx_hal_pcd_ex.c ****   * @param  msg LPM message
 142:Drivers/STM32F2xx_HAL_Driver/Src/stm32f2xx_hal_pcd_ex.c ****   * @retval HAL status
 143:Drivers/STM32F2xx_HAL_Driver/Src/stm32f2xx_hal_pcd_ex.c ****   */
 144:Drivers/STM32F2xx_HAL_Driver/Src/stm32f2xx_hal_pcd_ex.c **** __weak void HAL_PCDEx_BCD_Callback(PCD_HandleTypeDef *hpcd, PCD_BCD_MsgTypeDef msg)
 145:Drivers/STM32F2xx_HAL_Driver/Src/stm32f2xx_hal_pcd_ex.c **** {
 180              		.loc 1 145 1 is_stmt 1 view -0
 181              		.cfi_startproc
 182              		@ args = 0, pretend = 0, frame = 0
 183              		@ frame_needed = 0, uses_anonymous_args = 0
 184              		@ link register save eliminated.
 146:Drivers/STM32F2xx_HAL_Driver/Src/stm32f2xx_hal_pcd_ex.c ****   /* Prevent unused argument(s) compilation warning */
 147:Drivers/STM32F2xx_HAL_Driver/Src/stm32f2xx_hal_pcd_ex.c ****   UNUSED(hpcd);
ARM GAS  C:\Users\Artem\AppData\Local\Temp\ccKah4mp.s 			page 7


 185              		.loc 1 147 3 view .LVU45
 148:Drivers/STM32F2xx_HAL_Driver/Src/stm32f2xx_hal_pcd_ex.c ****   UNUSED(msg);
 186              		.loc 1 148 3 view .LVU46
 149:Drivers/STM32F2xx_HAL_Driver/Src/stm32f2xx_hal_pcd_ex.c **** 
 150:Drivers/STM32F2xx_HAL_Driver/Src/stm32f2xx_hal_pcd_ex.c ****   /* NOTE : This function should not be modified, when the callback is needed,
 151:Drivers/STM32F2xx_HAL_Driver/Src/stm32f2xx_hal_pcd_ex.c ****             the HAL_PCDEx_BCD_Callback could be implemented in the user file
 152:Drivers/STM32F2xx_HAL_Driver/Src/stm32f2xx_hal_pcd_ex.c ****    */
 153:Drivers/STM32F2xx_HAL_Driver/Src/stm32f2xx_hal_pcd_ex.c **** }
 187              		.loc 1 153 1 is_stmt 0 view .LVU47
 188 0000 7047     		bx	lr
 189              		.cfi_endproc
 190              	.LFE75:
 192              		.text
 193              	.Letext0:
 194              		.file 2 "c:\\toolchain\\gcc-arm-none-eabi-10.3-2021.10\\arm-none-eabi\\include\\machine\\_default_
 195              		.file 3 "c:\\toolchain\\gcc-arm-none-eabi-10.3-2021.10\\arm-none-eabi\\include\\sys\\_stdint.h"
 196              		.file 4 "Drivers/CMSIS/Device/ST/STM32F2xx/Include/stm32f207xx.h"
 197              		.file 5 "Drivers/STM32F2xx_HAL_Driver/Inc/stm32f2xx_hal_def.h"
 198              		.file 6 "Drivers/STM32F2xx_HAL_Driver/Inc/stm32f2xx_ll_usb.h"
 199              		.file 7 "Drivers/STM32F2xx_HAL_Driver/Inc/stm32f2xx_hal_pcd.h"
ARM GAS  C:\Users\Artem\AppData\Local\Temp\ccKah4mp.s 			page 8


DEFINED SYMBOLS
                            *ABS*:00000000 stm32f2xx_hal_pcd_ex.c
C:\Users\Artem\AppData\Local\Temp\ccKah4mp.s:18     .text.HAL_PCDEx_SetTxFiFo:00000000 $t
C:\Users\Artem\AppData\Local\Temp\ccKah4mp.s:24     .text.HAL_PCDEx_SetTxFiFo:00000000 HAL_PCDEx_SetTxFiFo
C:\Users\Artem\AppData\Local\Temp\ccKah4mp.s:120    .text.HAL_PCDEx_SetRxFiFo:00000000 $t
C:\Users\Artem\AppData\Local\Temp\ccKah4mp.s:126    .text.HAL_PCDEx_SetRxFiFo:00000000 HAL_PCDEx_SetRxFiFo
C:\Users\Artem\AppData\Local\Temp\ccKah4mp.s:149    .text.HAL_PCDEx_LPM_Callback:00000000 $t
C:\Users\Artem\AppData\Local\Temp\ccKah4mp.s:155    .text.HAL_PCDEx_LPM_Callback:00000000 HAL_PCDEx_LPM_Callback
C:\Users\Artem\AppData\Local\Temp\ccKah4mp.s:171    .text.HAL_PCDEx_BCD_Callback:00000000 $t
C:\Users\Artem\AppData\Local\Temp\ccKah4mp.s:177    .text.HAL_PCDEx_BCD_Callback:00000000 HAL_PCDEx_BCD_Callback

NO UNDEFINED SYMBOLS
