ARM GAS  C:\Users\Artem\AppData\Local\Temp\cctfwtuB.s 			page 1


   1              		.cpu cortex-m3
   2              		.arch armv7-m
   3              		.fpu softvfp
   4              		.eabi_attribute 20, 1
   5              		.eabi_attribute 21, 1
   6              		.eabi_attribute 23, 3
   7              		.eabi_attribute 24, 1
   8              		.eabi_attribute 25, 1
   9              		.eabi_attribute 26, 1
  10              		.eabi_attribute 30, 1
  11              		.eabi_attribute 34, 1
  12              		.eabi_attribute 18, 4
  13              		.file	"stm32f2xx_hal_exti.c"
  14              		.text
  15              	.Ltext0:
  16              		.cfi_sections	.debug_frame
  17              		.section	.text.HAL_EXTI_SetConfigLine,"ax",%progbits
  18              		.align	1
  19              		.global	HAL_EXTI_SetConfigLine
  20              		.syntax unified
  21              		.thumb
  22              		.thumb_func
  24              	HAL_EXTI_SetConfigLine:
  25              	.LVL0:
  26              	.LFB72:
  27              		.file 1 "Drivers/STM32F2xx_HAL_Driver/Src/stm32f2xx_hal_exti.c"
   1:Drivers/STM32F2xx_HAL_Driver/Src/stm32f2xx_hal_exti.c **** /**
   2:Drivers/STM32F2xx_HAL_Driver/Src/stm32f2xx_hal_exti.c ****   ******************************************************************************
   3:Drivers/STM32F2xx_HAL_Driver/Src/stm32f2xx_hal_exti.c ****   * @file    stm32f2xx_hal_exti.c
   4:Drivers/STM32F2xx_HAL_Driver/Src/stm32f2xx_hal_exti.c ****   * @author  MCD Application Team
   5:Drivers/STM32F2xx_HAL_Driver/Src/stm32f2xx_hal_exti.c ****   * @brief   EXTI HAL module driver.
   6:Drivers/STM32F2xx_HAL_Driver/Src/stm32f2xx_hal_exti.c ****   *          This file provides firmware functions to manage the following
   7:Drivers/STM32F2xx_HAL_Driver/Src/stm32f2xx_hal_exti.c ****   *          functionalities of the Extended Interrupts and events controller (EXTI) peripheral:
   8:Drivers/STM32F2xx_HAL_Driver/Src/stm32f2xx_hal_exti.c ****   *           + Initialization and de-initialization functions
   9:Drivers/STM32F2xx_HAL_Driver/Src/stm32f2xx_hal_exti.c ****   *           + IO operation functions
  10:Drivers/STM32F2xx_HAL_Driver/Src/stm32f2xx_hal_exti.c ****   *
  11:Drivers/STM32F2xx_HAL_Driver/Src/stm32f2xx_hal_exti.c ****   @verbatim
  12:Drivers/STM32F2xx_HAL_Driver/Src/stm32f2xx_hal_exti.c ****   ==============================================================================
  13:Drivers/STM32F2xx_HAL_Driver/Src/stm32f2xx_hal_exti.c ****                     ##### EXTI Peripheral features #####
  14:Drivers/STM32F2xx_HAL_Driver/Src/stm32f2xx_hal_exti.c ****   ==============================================================================
  15:Drivers/STM32F2xx_HAL_Driver/Src/stm32f2xx_hal_exti.c ****   [..]
  16:Drivers/STM32F2xx_HAL_Driver/Src/stm32f2xx_hal_exti.c ****     (+) Each Exti line can be configured within this driver.
  17:Drivers/STM32F2xx_HAL_Driver/Src/stm32f2xx_hal_exti.c **** 
  18:Drivers/STM32F2xx_HAL_Driver/Src/stm32f2xx_hal_exti.c ****     (+) Exti line can be configured in 3 different modes
  19:Drivers/STM32F2xx_HAL_Driver/Src/stm32f2xx_hal_exti.c ****         (++) Interrupt
  20:Drivers/STM32F2xx_HAL_Driver/Src/stm32f2xx_hal_exti.c ****         (++) Event
  21:Drivers/STM32F2xx_HAL_Driver/Src/stm32f2xx_hal_exti.c ****         (++) Both of them
  22:Drivers/STM32F2xx_HAL_Driver/Src/stm32f2xx_hal_exti.c **** 
  23:Drivers/STM32F2xx_HAL_Driver/Src/stm32f2xx_hal_exti.c ****     (+) Configurable Exti lines can be configured with 3 different triggers
  24:Drivers/STM32F2xx_HAL_Driver/Src/stm32f2xx_hal_exti.c ****         (++) Rising
  25:Drivers/STM32F2xx_HAL_Driver/Src/stm32f2xx_hal_exti.c ****         (++) Falling
  26:Drivers/STM32F2xx_HAL_Driver/Src/stm32f2xx_hal_exti.c ****         (++) Both of them
  27:Drivers/STM32F2xx_HAL_Driver/Src/stm32f2xx_hal_exti.c **** 
  28:Drivers/STM32F2xx_HAL_Driver/Src/stm32f2xx_hal_exti.c ****     (+) When set in interrupt mode, configurable Exti lines have two different
  29:Drivers/STM32F2xx_HAL_Driver/Src/stm32f2xx_hal_exti.c ****         interrupts pending registers which allow to distinguish which transition
  30:Drivers/STM32F2xx_HAL_Driver/Src/stm32f2xx_hal_exti.c ****         occurs:
  31:Drivers/STM32F2xx_HAL_Driver/Src/stm32f2xx_hal_exti.c ****         (++) Rising edge pending interrupt
ARM GAS  C:\Users\Artem\AppData\Local\Temp\cctfwtuB.s 			page 2


  32:Drivers/STM32F2xx_HAL_Driver/Src/stm32f2xx_hal_exti.c ****         (++) Falling
  33:Drivers/STM32F2xx_HAL_Driver/Src/stm32f2xx_hal_exti.c **** 
  34:Drivers/STM32F2xx_HAL_Driver/Src/stm32f2xx_hal_exti.c ****     (+) Exti lines 0 to 15 are linked to gpio pin number 0 to 15. Gpio port can
  35:Drivers/STM32F2xx_HAL_Driver/Src/stm32f2xx_hal_exti.c ****         be selected through multiplexer.
  36:Drivers/STM32F2xx_HAL_Driver/Src/stm32f2xx_hal_exti.c **** 
  37:Drivers/STM32F2xx_HAL_Driver/Src/stm32f2xx_hal_exti.c ****                      ##### How to use this driver #####
  38:Drivers/STM32F2xx_HAL_Driver/Src/stm32f2xx_hal_exti.c ****   ==============================================================================
  39:Drivers/STM32F2xx_HAL_Driver/Src/stm32f2xx_hal_exti.c ****   [..]
  40:Drivers/STM32F2xx_HAL_Driver/Src/stm32f2xx_hal_exti.c **** 
  41:Drivers/STM32F2xx_HAL_Driver/Src/stm32f2xx_hal_exti.c ****     (#) Configure the EXTI line using HAL_EXTI_SetConfigLine().
  42:Drivers/STM32F2xx_HAL_Driver/Src/stm32f2xx_hal_exti.c ****         (++) Choose the interrupt line number by setting "Line" member from
  43:Drivers/STM32F2xx_HAL_Driver/Src/stm32f2xx_hal_exti.c ****              EXTI_ConfigTypeDef structure.
  44:Drivers/STM32F2xx_HAL_Driver/Src/stm32f2xx_hal_exti.c ****         (++) Configure the interrupt and/or event mode using "Mode" member from
  45:Drivers/STM32F2xx_HAL_Driver/Src/stm32f2xx_hal_exti.c ****              EXTI_ConfigTypeDef structure.
  46:Drivers/STM32F2xx_HAL_Driver/Src/stm32f2xx_hal_exti.c ****         (++) For configurable lines, configure rising and/or falling trigger
  47:Drivers/STM32F2xx_HAL_Driver/Src/stm32f2xx_hal_exti.c ****              "Trigger" member from EXTI_ConfigTypeDef structure.
  48:Drivers/STM32F2xx_HAL_Driver/Src/stm32f2xx_hal_exti.c ****         (++) For Exti lines linked to gpio, choose gpio port using "GPIOSel"
  49:Drivers/STM32F2xx_HAL_Driver/Src/stm32f2xx_hal_exti.c ****              member from GPIO_InitTypeDef structure.
  50:Drivers/STM32F2xx_HAL_Driver/Src/stm32f2xx_hal_exti.c **** 
  51:Drivers/STM32F2xx_HAL_Driver/Src/stm32f2xx_hal_exti.c ****     (#) Get current Exti configuration of a dedicated line using
  52:Drivers/STM32F2xx_HAL_Driver/Src/stm32f2xx_hal_exti.c ****         HAL_EXTI_GetConfigLine().
  53:Drivers/STM32F2xx_HAL_Driver/Src/stm32f2xx_hal_exti.c ****         (++) Provide exiting handle as parameter.
  54:Drivers/STM32F2xx_HAL_Driver/Src/stm32f2xx_hal_exti.c ****         (++) Provide pointer on EXTI_ConfigTypeDef structure as second parameter.
  55:Drivers/STM32F2xx_HAL_Driver/Src/stm32f2xx_hal_exti.c **** 
  56:Drivers/STM32F2xx_HAL_Driver/Src/stm32f2xx_hal_exti.c ****     (#) Clear Exti configuration of a dedicated line using HAL_EXTI_GetConfigLine().
  57:Drivers/STM32F2xx_HAL_Driver/Src/stm32f2xx_hal_exti.c ****         (++) Provide exiting handle as parameter.
  58:Drivers/STM32F2xx_HAL_Driver/Src/stm32f2xx_hal_exti.c **** 
  59:Drivers/STM32F2xx_HAL_Driver/Src/stm32f2xx_hal_exti.c ****     (#) Register callback to treat Exti interrupts using HAL_EXTI_RegisterCallback().
  60:Drivers/STM32F2xx_HAL_Driver/Src/stm32f2xx_hal_exti.c ****         (++) Provide exiting handle as first parameter.
  61:Drivers/STM32F2xx_HAL_Driver/Src/stm32f2xx_hal_exti.c ****         (++) Provide which callback will be registered using one value from
  62:Drivers/STM32F2xx_HAL_Driver/Src/stm32f2xx_hal_exti.c ****              EXTI_CallbackIDTypeDef.
  63:Drivers/STM32F2xx_HAL_Driver/Src/stm32f2xx_hal_exti.c ****         (++) Provide callback function pointer.
  64:Drivers/STM32F2xx_HAL_Driver/Src/stm32f2xx_hal_exti.c **** 
  65:Drivers/STM32F2xx_HAL_Driver/Src/stm32f2xx_hal_exti.c ****     (#) Get interrupt pending bit using HAL_EXTI_GetPending().
  66:Drivers/STM32F2xx_HAL_Driver/Src/stm32f2xx_hal_exti.c **** 
  67:Drivers/STM32F2xx_HAL_Driver/Src/stm32f2xx_hal_exti.c ****     (#) Clear interrupt pending bit using HAL_EXTI_GetPending().
  68:Drivers/STM32F2xx_HAL_Driver/Src/stm32f2xx_hal_exti.c **** 
  69:Drivers/STM32F2xx_HAL_Driver/Src/stm32f2xx_hal_exti.c ****     (#) Generate software interrupt using HAL_EXTI_GenerateSWI().
  70:Drivers/STM32F2xx_HAL_Driver/Src/stm32f2xx_hal_exti.c **** 
  71:Drivers/STM32F2xx_HAL_Driver/Src/stm32f2xx_hal_exti.c ****   @endverbatim
  72:Drivers/STM32F2xx_HAL_Driver/Src/stm32f2xx_hal_exti.c ****   ******************************************************************************
  73:Drivers/STM32F2xx_HAL_Driver/Src/stm32f2xx_hal_exti.c ****   * @attention
  74:Drivers/STM32F2xx_HAL_Driver/Src/stm32f2xx_hal_exti.c ****   *
  75:Drivers/STM32F2xx_HAL_Driver/Src/stm32f2xx_hal_exti.c ****   * <h2><center>&copy; Copyright (c) 2019 STMicroelectronics.
  76:Drivers/STM32F2xx_HAL_Driver/Src/stm32f2xx_hal_exti.c ****   * All rights reserved.</center></h2>
  77:Drivers/STM32F2xx_HAL_Driver/Src/stm32f2xx_hal_exti.c ****   *
  78:Drivers/STM32F2xx_HAL_Driver/Src/stm32f2xx_hal_exti.c ****   * This software component is licensed by ST under BSD 3-Clause license,
  79:Drivers/STM32F2xx_HAL_Driver/Src/stm32f2xx_hal_exti.c ****   * the "License"; You may not use this file except in compliance with the
  80:Drivers/STM32F2xx_HAL_Driver/Src/stm32f2xx_hal_exti.c ****   * License. You may obtain a copy of the License at:
  81:Drivers/STM32F2xx_HAL_Driver/Src/stm32f2xx_hal_exti.c ****   *                        opensource.org/licenses/BSD-3-Clause
  82:Drivers/STM32F2xx_HAL_Driver/Src/stm32f2xx_hal_exti.c ****   *
  83:Drivers/STM32F2xx_HAL_Driver/Src/stm32f2xx_hal_exti.c ****   ******************************************************************************
  84:Drivers/STM32F2xx_HAL_Driver/Src/stm32f2xx_hal_exti.c ****   */
  85:Drivers/STM32F2xx_HAL_Driver/Src/stm32f2xx_hal_exti.c **** 
  86:Drivers/STM32F2xx_HAL_Driver/Src/stm32f2xx_hal_exti.c **** /* Includes ------------------------------------------------------------------*/
  87:Drivers/STM32F2xx_HAL_Driver/Src/stm32f2xx_hal_exti.c **** #include "stm32f2xx_hal.h"
  88:Drivers/STM32F2xx_HAL_Driver/Src/stm32f2xx_hal_exti.c **** 
ARM GAS  C:\Users\Artem\AppData\Local\Temp\cctfwtuB.s 			page 3


  89:Drivers/STM32F2xx_HAL_Driver/Src/stm32f2xx_hal_exti.c **** /** @addtogroup STM32F2xx_HAL_Driver
  90:Drivers/STM32F2xx_HAL_Driver/Src/stm32f2xx_hal_exti.c ****   * @{
  91:Drivers/STM32F2xx_HAL_Driver/Src/stm32f2xx_hal_exti.c ****   */
  92:Drivers/STM32F2xx_HAL_Driver/Src/stm32f2xx_hal_exti.c **** 
  93:Drivers/STM32F2xx_HAL_Driver/Src/stm32f2xx_hal_exti.c **** /** @addtogroup EXTI
  94:Drivers/STM32F2xx_HAL_Driver/Src/stm32f2xx_hal_exti.c ****   * @{
  95:Drivers/STM32F2xx_HAL_Driver/Src/stm32f2xx_hal_exti.c ****   */
  96:Drivers/STM32F2xx_HAL_Driver/Src/stm32f2xx_hal_exti.c **** /** MISRA C:2012 deviation rule has been granted for following rule:
  97:Drivers/STM32F2xx_HAL_Driver/Src/stm32f2xx_hal_exti.c ****   * Rule-18.1_b - Medium: Array `EXTICR' 1st subscript interval [0,7] may be out
  98:Drivers/STM32F2xx_HAL_Driver/Src/stm32f2xx_hal_exti.c ****   * of bounds [0,3] in following API :
  99:Drivers/STM32F2xx_HAL_Driver/Src/stm32f2xx_hal_exti.c ****   * HAL_EXTI_SetConfigLine
 100:Drivers/STM32F2xx_HAL_Driver/Src/stm32f2xx_hal_exti.c ****   * HAL_EXTI_GetConfigLine
 101:Drivers/STM32F2xx_HAL_Driver/Src/stm32f2xx_hal_exti.c ****   * HAL_EXTI_ClearConfigLine
 102:Drivers/STM32F2xx_HAL_Driver/Src/stm32f2xx_hal_exti.c ****   */
 103:Drivers/STM32F2xx_HAL_Driver/Src/stm32f2xx_hal_exti.c **** 
 104:Drivers/STM32F2xx_HAL_Driver/Src/stm32f2xx_hal_exti.c **** #ifdef HAL_EXTI_MODULE_ENABLED
 105:Drivers/STM32F2xx_HAL_Driver/Src/stm32f2xx_hal_exti.c **** 
 106:Drivers/STM32F2xx_HAL_Driver/Src/stm32f2xx_hal_exti.c **** /* Private typedef -----------------------------------------------------------*/
 107:Drivers/STM32F2xx_HAL_Driver/Src/stm32f2xx_hal_exti.c **** /* Private defines -----------------------------------------------------------*/
 108:Drivers/STM32F2xx_HAL_Driver/Src/stm32f2xx_hal_exti.c **** /** @defgroup EXTI_Private_Constants EXTI Private Constants
 109:Drivers/STM32F2xx_HAL_Driver/Src/stm32f2xx_hal_exti.c ****   * @{
 110:Drivers/STM32F2xx_HAL_Driver/Src/stm32f2xx_hal_exti.c ****   */
 111:Drivers/STM32F2xx_HAL_Driver/Src/stm32f2xx_hal_exti.c **** 
 112:Drivers/STM32F2xx_HAL_Driver/Src/stm32f2xx_hal_exti.c **** /**
 113:Drivers/STM32F2xx_HAL_Driver/Src/stm32f2xx_hal_exti.c ****   * @}
 114:Drivers/STM32F2xx_HAL_Driver/Src/stm32f2xx_hal_exti.c ****   */
 115:Drivers/STM32F2xx_HAL_Driver/Src/stm32f2xx_hal_exti.c **** 
 116:Drivers/STM32F2xx_HAL_Driver/Src/stm32f2xx_hal_exti.c **** /* Private macros ------------------------------------------------------------*/
 117:Drivers/STM32F2xx_HAL_Driver/Src/stm32f2xx_hal_exti.c **** /* Private variables ---------------------------------------------------------*/
 118:Drivers/STM32F2xx_HAL_Driver/Src/stm32f2xx_hal_exti.c **** /* Private function prototypes -----------------------------------------------*/
 119:Drivers/STM32F2xx_HAL_Driver/Src/stm32f2xx_hal_exti.c **** /* Exported functions --------------------------------------------------------*/
 120:Drivers/STM32F2xx_HAL_Driver/Src/stm32f2xx_hal_exti.c **** 
 121:Drivers/STM32F2xx_HAL_Driver/Src/stm32f2xx_hal_exti.c **** /** @addtogroup EXTI_Exported_Functions
 122:Drivers/STM32F2xx_HAL_Driver/Src/stm32f2xx_hal_exti.c ****   * @{
 123:Drivers/STM32F2xx_HAL_Driver/Src/stm32f2xx_hal_exti.c ****   */
 124:Drivers/STM32F2xx_HAL_Driver/Src/stm32f2xx_hal_exti.c **** 
 125:Drivers/STM32F2xx_HAL_Driver/Src/stm32f2xx_hal_exti.c **** /** @addtogroup EXTI_Exported_Functions_Group1
 126:Drivers/STM32F2xx_HAL_Driver/Src/stm32f2xx_hal_exti.c ****   *  @brief    Configuration functions
 127:Drivers/STM32F2xx_HAL_Driver/Src/stm32f2xx_hal_exti.c ****   *
 128:Drivers/STM32F2xx_HAL_Driver/Src/stm32f2xx_hal_exti.c **** @verbatim
 129:Drivers/STM32F2xx_HAL_Driver/Src/stm32f2xx_hal_exti.c ****  ===============================================================================
 130:Drivers/STM32F2xx_HAL_Driver/Src/stm32f2xx_hal_exti.c ****               ##### Configuration functions #####
 131:Drivers/STM32F2xx_HAL_Driver/Src/stm32f2xx_hal_exti.c ****  ===============================================================================
 132:Drivers/STM32F2xx_HAL_Driver/Src/stm32f2xx_hal_exti.c **** 
 133:Drivers/STM32F2xx_HAL_Driver/Src/stm32f2xx_hal_exti.c **** @endverbatim
 134:Drivers/STM32F2xx_HAL_Driver/Src/stm32f2xx_hal_exti.c ****   * @{
 135:Drivers/STM32F2xx_HAL_Driver/Src/stm32f2xx_hal_exti.c ****   */
 136:Drivers/STM32F2xx_HAL_Driver/Src/stm32f2xx_hal_exti.c **** 
 137:Drivers/STM32F2xx_HAL_Driver/Src/stm32f2xx_hal_exti.c **** /**
 138:Drivers/STM32F2xx_HAL_Driver/Src/stm32f2xx_hal_exti.c ****   * @brief  Set configuration of a dedicated Exti line.
 139:Drivers/STM32F2xx_HAL_Driver/Src/stm32f2xx_hal_exti.c ****   * @param  hexti Exti handle.
 140:Drivers/STM32F2xx_HAL_Driver/Src/stm32f2xx_hal_exti.c ****   * @param  pExtiConfig Pointer on EXTI configuration to be set.
 141:Drivers/STM32F2xx_HAL_Driver/Src/stm32f2xx_hal_exti.c ****   * @retval HAL Status.
 142:Drivers/STM32F2xx_HAL_Driver/Src/stm32f2xx_hal_exti.c ****   */
 143:Drivers/STM32F2xx_HAL_Driver/Src/stm32f2xx_hal_exti.c **** HAL_StatusTypeDef HAL_EXTI_SetConfigLine(EXTI_HandleTypeDef *hexti, EXTI_ConfigTypeDef *pExtiConfig
 144:Drivers/STM32F2xx_HAL_Driver/Src/stm32f2xx_hal_exti.c **** {
  28              		.loc 1 144 1 view -0
ARM GAS  C:\Users\Artem\AppData\Local\Temp\cctfwtuB.s 			page 4


  29              		.cfi_startproc
  30              		@ args = 0, pretend = 0, frame = 0
  31              		@ frame_needed = 0, uses_anonymous_args = 0
  32              		@ link register save eliminated.
 145:Drivers/STM32F2xx_HAL_Driver/Src/stm32f2xx_hal_exti.c ****   uint32_t regval;
  33              		.loc 1 145 3 view .LVU1
 146:Drivers/STM32F2xx_HAL_Driver/Src/stm32f2xx_hal_exti.c ****   uint32_t linepos;
  34              		.loc 1 146 3 view .LVU2
 147:Drivers/STM32F2xx_HAL_Driver/Src/stm32f2xx_hal_exti.c ****   uint32_t maskline;
  35              		.loc 1 147 3 view .LVU3
 148:Drivers/STM32F2xx_HAL_Driver/Src/stm32f2xx_hal_exti.c **** 
 149:Drivers/STM32F2xx_HAL_Driver/Src/stm32f2xx_hal_exti.c ****   /* Check null pointer */
 150:Drivers/STM32F2xx_HAL_Driver/Src/stm32f2xx_hal_exti.c ****   if ((hexti == NULL) || (pExtiConfig == NULL))
  36              		.loc 1 150 3 view .LVU4
  37              		.loc 1 150 6 is_stmt 0 view .LVU5
  38 0000 0028     		cmp	r0, #0
  39 0002 60D0     		beq	.L11
  40              		.loc 1 150 23 discriminator 1 view .LVU6
  41 0004 0029     		cmp	r1, #0
  42 0006 60D0     		beq	.L12
 144:Drivers/STM32F2xx_HAL_Driver/Src/stm32f2xx_hal_exti.c ****   uint32_t regval;
  43              		.loc 1 144 1 view .LVU7
  44 0008 70B4     		push	{r4, r5, r6}
  45              	.LCFI0:
  46              		.cfi_def_cfa_offset 12
  47              		.cfi_offset 4, -12
  48              		.cfi_offset 5, -8
  49              		.cfi_offset 6, -4
 151:Drivers/STM32F2xx_HAL_Driver/Src/stm32f2xx_hal_exti.c ****   {
 152:Drivers/STM32F2xx_HAL_Driver/Src/stm32f2xx_hal_exti.c ****     return HAL_ERROR;
 153:Drivers/STM32F2xx_HAL_Driver/Src/stm32f2xx_hal_exti.c ****   }
 154:Drivers/STM32F2xx_HAL_Driver/Src/stm32f2xx_hal_exti.c **** 
 155:Drivers/STM32F2xx_HAL_Driver/Src/stm32f2xx_hal_exti.c ****   /* Check parameters */
 156:Drivers/STM32F2xx_HAL_Driver/Src/stm32f2xx_hal_exti.c ****   assert_param(IS_EXTI_LINE(pExtiConfig->Line));
  50              		.loc 1 156 3 is_stmt 1 view .LVU8
 157:Drivers/STM32F2xx_HAL_Driver/Src/stm32f2xx_hal_exti.c ****   assert_param(IS_EXTI_MODE(pExtiConfig->Mode));
  51              		.loc 1 157 3 view .LVU9
 158:Drivers/STM32F2xx_HAL_Driver/Src/stm32f2xx_hal_exti.c **** 
 159:Drivers/STM32F2xx_HAL_Driver/Src/stm32f2xx_hal_exti.c ****   /* Assign line number to handle */
 160:Drivers/STM32F2xx_HAL_Driver/Src/stm32f2xx_hal_exti.c ****   hexti->Line = pExtiConfig->Line;
  52              		.loc 1 160 3 view .LVU10
  53              		.loc 1 160 28 is_stmt 0 view .LVU11
  54 000a 0B68     		ldr	r3, [r1]
  55              		.loc 1 160 15 view .LVU12
  56 000c 0360     		str	r3, [r0]
 161:Drivers/STM32F2xx_HAL_Driver/Src/stm32f2xx_hal_exti.c **** 
 162:Drivers/STM32F2xx_HAL_Driver/Src/stm32f2xx_hal_exti.c ****   /* Compute line mask */
 163:Drivers/STM32F2xx_HAL_Driver/Src/stm32f2xx_hal_exti.c ****   linepos = (pExtiConfig->Line & EXTI_PIN_MASK);
  57              		.loc 1 163 3 is_stmt 1 view .LVU13
  58              		.loc 1 163 11 is_stmt 0 view .LVU14
  59 000e 03F01F02 		and	r2, r3, #31
  60              	.LVL1:
 164:Drivers/STM32F2xx_HAL_Driver/Src/stm32f2xx_hal_exti.c ****   maskline = (1uL << linepos);
  61              		.loc 1 164 3 is_stmt 1 view .LVU15
  62              		.loc 1 164 12 is_stmt 0 view .LVU16
  63 0012 0120     		movs	r0, #1
  64              	.LVL2:
ARM GAS  C:\Users\Artem\AppData\Local\Temp\cctfwtuB.s 			page 5


  65              		.loc 1 164 12 view .LVU17
  66 0014 9040     		lsls	r0, r0, r2
  67              	.LVL3:
 165:Drivers/STM32F2xx_HAL_Driver/Src/stm32f2xx_hal_exti.c **** 
 166:Drivers/STM32F2xx_HAL_Driver/Src/stm32f2xx_hal_exti.c ****   /* Configure triggers for configurable lines */
 167:Drivers/STM32F2xx_HAL_Driver/Src/stm32f2xx_hal_exti.c ****   if ((pExtiConfig->Line & EXTI_CONFIG) != 0x00u)
  68              		.loc 1 167 3 is_stmt 1 view .LVU18
  69              		.loc 1 167 6 is_stmt 0 view .LVU19
  70 0016 13F0007F 		tst	r3, #33554432
  71 001a 15D0     		beq	.L3
 168:Drivers/STM32F2xx_HAL_Driver/Src/stm32f2xx_hal_exti.c ****   {
 169:Drivers/STM32F2xx_HAL_Driver/Src/stm32f2xx_hal_exti.c ****     assert_param(IS_EXTI_TRIGGER(pExtiConfig->Trigger));
  72              		.loc 1 169 5 is_stmt 1 view .LVU20
 170:Drivers/STM32F2xx_HAL_Driver/Src/stm32f2xx_hal_exti.c **** 
 171:Drivers/STM32F2xx_HAL_Driver/Src/stm32f2xx_hal_exti.c ****     /* Configure rising trigger */
 172:Drivers/STM32F2xx_HAL_Driver/Src/stm32f2xx_hal_exti.c ****     /* Mask or set line */
 173:Drivers/STM32F2xx_HAL_Driver/Src/stm32f2xx_hal_exti.c ****     if ((pExtiConfig->Trigger & EXTI_TRIGGER_RISING) != 0x00u)
  73              		.loc 1 173 5 view .LVU21
  74              		.loc 1 173 8 is_stmt 0 view .LVU22
  75 001c 8C68     		ldr	r4, [r1, #8]
  76 001e 14F0010F 		tst	r4, #1
  77 0022 24D0     		beq	.L4
 174:Drivers/STM32F2xx_HAL_Driver/Src/stm32f2xx_hal_exti.c ****     {
 175:Drivers/STM32F2xx_HAL_Driver/Src/stm32f2xx_hal_exti.c ****       EXTI->RTSR |= maskline;
  78              		.loc 1 175 7 is_stmt 1 view .LVU23
  79              		.loc 1 175 18 is_stmt 0 view .LVU24
  80 0024 2A4D     		ldr	r5, .L18
  81 0026 AC68     		ldr	r4, [r5, #8]
  82 0028 0443     		orrs	r4, r4, r0
  83 002a AC60     		str	r4, [r5, #8]
  84              	.L5:
 176:Drivers/STM32F2xx_HAL_Driver/Src/stm32f2xx_hal_exti.c ****     }
 177:Drivers/STM32F2xx_HAL_Driver/Src/stm32f2xx_hal_exti.c ****     else
 178:Drivers/STM32F2xx_HAL_Driver/Src/stm32f2xx_hal_exti.c ****     {
 179:Drivers/STM32F2xx_HAL_Driver/Src/stm32f2xx_hal_exti.c ****       EXTI->RTSR &= ~maskline;
 180:Drivers/STM32F2xx_HAL_Driver/Src/stm32f2xx_hal_exti.c ****     }
 181:Drivers/STM32F2xx_HAL_Driver/Src/stm32f2xx_hal_exti.c **** 
 182:Drivers/STM32F2xx_HAL_Driver/Src/stm32f2xx_hal_exti.c ****     /* Configure falling trigger */
 183:Drivers/STM32F2xx_HAL_Driver/Src/stm32f2xx_hal_exti.c ****     /* Mask or set line */
 184:Drivers/STM32F2xx_HAL_Driver/Src/stm32f2xx_hal_exti.c ****     if ((pExtiConfig->Trigger & EXTI_TRIGGER_FALLING) != 0x00u)
  85              		.loc 1 184 5 is_stmt 1 view .LVU25
  86              		.loc 1 184 8 is_stmt 0 view .LVU26
  87 002c 8C68     		ldr	r4, [r1, #8]
  88 002e 14F0020F 		tst	r4, #2
  89 0032 22D0     		beq	.L6
 185:Drivers/STM32F2xx_HAL_Driver/Src/stm32f2xx_hal_exti.c ****     {
 186:Drivers/STM32F2xx_HAL_Driver/Src/stm32f2xx_hal_exti.c ****       EXTI->FTSR |= maskline;
  90              		.loc 1 186 7 is_stmt 1 view .LVU27
  91              		.loc 1 186 18 is_stmt 0 view .LVU28
  92 0034 264D     		ldr	r5, .L18
  93 0036 EC68     		ldr	r4, [r5, #12]
  94 0038 0443     		orrs	r4, r4, r0
  95 003a EC60     		str	r4, [r5, #12]
  96              	.L7:
 187:Drivers/STM32F2xx_HAL_Driver/Src/stm32f2xx_hal_exti.c ****     }
 188:Drivers/STM32F2xx_HAL_Driver/Src/stm32f2xx_hal_exti.c ****     else
 189:Drivers/STM32F2xx_HAL_Driver/Src/stm32f2xx_hal_exti.c ****     {
ARM GAS  C:\Users\Artem\AppData\Local\Temp\cctfwtuB.s 			page 6


 190:Drivers/STM32F2xx_HAL_Driver/Src/stm32f2xx_hal_exti.c ****       EXTI->FTSR &= ~maskline;
 191:Drivers/STM32F2xx_HAL_Driver/Src/stm32f2xx_hal_exti.c ****     }
 192:Drivers/STM32F2xx_HAL_Driver/Src/stm32f2xx_hal_exti.c **** 
 193:Drivers/STM32F2xx_HAL_Driver/Src/stm32f2xx_hal_exti.c **** 
 194:Drivers/STM32F2xx_HAL_Driver/Src/stm32f2xx_hal_exti.c ****     /* Configure gpio port selection in case of gpio exti line */
 195:Drivers/STM32F2xx_HAL_Driver/Src/stm32f2xx_hal_exti.c ****     if ((pExtiConfig->Line & EXTI_GPIO) == EXTI_GPIO)
  97              		.loc 1 195 5 is_stmt 1 view .LVU29
  98              		.loc 1 195 28 is_stmt 0 view .LVU30
  99 003c 0C68     		ldr	r4, [r1]
 100 003e 04F0C06C 		and	ip, r4, #100663296
 101              		.loc 1 195 8 view .LVU31
 102 0042 BCF1C06F 		cmp	ip, #100663296
 103 0046 1ED0     		beq	.L17
 104              	.LVL4:
 105              	.L3:
 196:Drivers/STM32F2xx_HAL_Driver/Src/stm32f2xx_hal_exti.c ****     {
 197:Drivers/STM32F2xx_HAL_Driver/Src/stm32f2xx_hal_exti.c ****       assert_param(IS_EXTI_GPIO_PORT(pExtiConfig->GPIOSel));
 198:Drivers/STM32F2xx_HAL_Driver/Src/stm32f2xx_hal_exti.c ****       assert_param(IS_EXTI_GPIO_PIN(linepos));
 199:Drivers/STM32F2xx_HAL_Driver/Src/stm32f2xx_hal_exti.c **** 
 200:Drivers/STM32F2xx_HAL_Driver/Src/stm32f2xx_hal_exti.c ****       regval = SYSCFG->EXTICR[linepos >> 2u];
 201:Drivers/STM32F2xx_HAL_Driver/Src/stm32f2xx_hal_exti.c ****       regval &= ~(SYSCFG_EXTICR1_EXTI0 << (SYSCFG_EXTICR1_EXTI1_Pos * (linepos & 0x03u)));
 202:Drivers/STM32F2xx_HAL_Driver/Src/stm32f2xx_hal_exti.c ****       regval |= (pExtiConfig->GPIOSel << (SYSCFG_EXTICR1_EXTI1_Pos * (linepos & 0x03u)));
 203:Drivers/STM32F2xx_HAL_Driver/Src/stm32f2xx_hal_exti.c ****       SYSCFG->EXTICR[linepos >> 2u] = regval;
 204:Drivers/STM32F2xx_HAL_Driver/Src/stm32f2xx_hal_exti.c ****     }
 205:Drivers/STM32F2xx_HAL_Driver/Src/stm32f2xx_hal_exti.c ****   }
 206:Drivers/STM32F2xx_HAL_Driver/Src/stm32f2xx_hal_exti.c **** 
 207:Drivers/STM32F2xx_HAL_Driver/Src/stm32f2xx_hal_exti.c ****   /* Configure interrupt mode : read current mode */
 208:Drivers/STM32F2xx_HAL_Driver/Src/stm32f2xx_hal_exti.c ****   /* Mask or set line */
 209:Drivers/STM32F2xx_HAL_Driver/Src/stm32f2xx_hal_exti.c ****   if ((pExtiConfig->Mode & EXTI_MODE_INTERRUPT) != 0x00u)
 106              		.loc 1 209 3 is_stmt 1 view .LVU32
 107              		.loc 1 209 19 is_stmt 0 view .LVU33
 108 0048 4B68     		ldr	r3, [r1, #4]
 109              		.loc 1 209 6 view .LVU34
 110 004a 13F0010F 		tst	r3, #1
 111 004e 2DD0     		beq	.L8
 210:Drivers/STM32F2xx_HAL_Driver/Src/stm32f2xx_hal_exti.c ****   {
 211:Drivers/STM32F2xx_HAL_Driver/Src/stm32f2xx_hal_exti.c ****     EXTI->IMR |= maskline;
 112              		.loc 1 211 5 is_stmt 1 view .LVU35
 113              		.loc 1 211 15 is_stmt 0 view .LVU36
 114 0050 1F4A     		ldr	r2, .L18
 115 0052 1368     		ldr	r3, [r2]
 116 0054 0343     		orrs	r3, r3, r0
 117 0056 1360     		str	r3, [r2]
 118              	.L9:
 212:Drivers/STM32F2xx_HAL_Driver/Src/stm32f2xx_hal_exti.c ****   }
 213:Drivers/STM32F2xx_HAL_Driver/Src/stm32f2xx_hal_exti.c ****   else
 214:Drivers/STM32F2xx_HAL_Driver/Src/stm32f2xx_hal_exti.c ****   {
 215:Drivers/STM32F2xx_HAL_Driver/Src/stm32f2xx_hal_exti.c ****     EXTI->IMR &= ~maskline;
 216:Drivers/STM32F2xx_HAL_Driver/Src/stm32f2xx_hal_exti.c ****   }
 217:Drivers/STM32F2xx_HAL_Driver/Src/stm32f2xx_hal_exti.c **** 
 218:Drivers/STM32F2xx_HAL_Driver/Src/stm32f2xx_hal_exti.c ****   /* Configure event mode : read current mode */
 219:Drivers/STM32F2xx_HAL_Driver/Src/stm32f2xx_hal_exti.c ****   /* Mask or set line */
 220:Drivers/STM32F2xx_HAL_Driver/Src/stm32f2xx_hal_exti.c ****   if ((pExtiConfig->Mode & EXTI_MODE_EVENT) != 0x00u)
 119              		.loc 1 220 3 is_stmt 1 view .LVU37
 120              		.loc 1 220 19 is_stmt 0 view .LVU38
 121 0058 4B68     		ldr	r3, [r1, #4]
 122              		.loc 1 220 6 view .LVU39
ARM GAS  C:\Users\Artem\AppData\Local\Temp\cctfwtuB.s 			page 7


 123 005a 13F0020F 		tst	r3, #2
 124 005e 2BD0     		beq	.L10
 221:Drivers/STM32F2xx_HAL_Driver/Src/stm32f2xx_hal_exti.c ****   {
 222:Drivers/STM32F2xx_HAL_Driver/Src/stm32f2xx_hal_exti.c ****     EXTI->EMR |= maskline;
 125              		.loc 1 222 5 is_stmt 1 view .LVU40
 126              		.loc 1 222 15 is_stmt 0 view .LVU41
 127 0060 1B4A     		ldr	r2, .L18
 128 0062 5368     		ldr	r3, [r2, #4]
 129 0064 1843     		orrs	r0, r0, r3
 130              	.LVL5:
 131              		.loc 1 222 15 view .LVU42
 132 0066 5060     		str	r0, [r2, #4]
 223:Drivers/STM32F2xx_HAL_Driver/Src/stm32f2xx_hal_exti.c ****   }
 224:Drivers/STM32F2xx_HAL_Driver/Src/stm32f2xx_hal_exti.c ****   else
 225:Drivers/STM32F2xx_HAL_Driver/Src/stm32f2xx_hal_exti.c ****   {
 226:Drivers/STM32F2xx_HAL_Driver/Src/stm32f2xx_hal_exti.c ****     EXTI->EMR &= ~maskline;
 227:Drivers/STM32F2xx_HAL_Driver/Src/stm32f2xx_hal_exti.c ****   }
 228:Drivers/STM32F2xx_HAL_Driver/Src/stm32f2xx_hal_exti.c **** 
 229:Drivers/STM32F2xx_HAL_Driver/Src/stm32f2xx_hal_exti.c ****   return HAL_OK;
 133              		.loc 1 229 10 view .LVU43
 134 0068 0020     		movs	r0, #0
 135              	.L2:
 230:Drivers/STM32F2xx_HAL_Driver/Src/stm32f2xx_hal_exti.c **** }
 136              		.loc 1 230 1 view .LVU44
 137 006a 70BC     		pop	{r4, r5, r6}
 138              	.LCFI1:
 139              		.cfi_remember_state
 140              		.cfi_restore 6
 141              		.cfi_restore 5
 142              		.cfi_restore 4
 143              		.cfi_def_cfa_offset 0
 144 006c 7047     		bx	lr
 145              	.LVL6:
 146              	.L4:
 147              	.LCFI2:
 148              		.cfi_restore_state
 179:Drivers/STM32F2xx_HAL_Driver/Src/stm32f2xx_hal_exti.c ****     }
 149              		.loc 1 179 7 is_stmt 1 view .LVU45
 179:Drivers/STM32F2xx_HAL_Driver/Src/stm32f2xx_hal_exti.c ****     }
 150              		.loc 1 179 18 is_stmt 0 view .LVU46
 151 006e 184D     		ldr	r5, .L18
 152 0070 AC68     		ldr	r4, [r5, #8]
 153 0072 24EA0004 		bic	r4, r4, r0
 154 0076 AC60     		str	r4, [r5, #8]
 155 0078 D8E7     		b	.L5
 156              	.L6:
 190:Drivers/STM32F2xx_HAL_Driver/Src/stm32f2xx_hal_exti.c ****     }
 157              		.loc 1 190 7 is_stmt 1 view .LVU47
 190:Drivers/STM32F2xx_HAL_Driver/Src/stm32f2xx_hal_exti.c ****     }
 158              		.loc 1 190 18 is_stmt 0 view .LVU48
 159 007a 154D     		ldr	r5, .L18
 160 007c EC68     		ldr	r4, [r5, #12]
 161 007e 24EA0004 		bic	r4, r4, r0
 162 0082 EC60     		str	r4, [r5, #12]
 163 0084 DAE7     		b	.L7
 164              	.L17:
 197:Drivers/STM32F2xx_HAL_Driver/Src/stm32f2xx_hal_exti.c ****       assert_param(IS_EXTI_GPIO_PIN(linepos));
ARM GAS  C:\Users\Artem\AppData\Local\Temp\cctfwtuB.s 			page 8


 165              		.loc 1 197 7 is_stmt 1 view .LVU49
 198:Drivers/STM32F2xx_HAL_Driver/Src/stm32f2xx_hal_exti.c **** 
 166              		.loc 1 198 7 view .LVU50
 200:Drivers/STM32F2xx_HAL_Driver/Src/stm32f2xx_hal_exti.c ****       regval &= ~(SYSCFG_EXTICR1_EXTI0 << (SYSCFG_EXTICR1_EXTI1_Pos * (linepos & 0x03u)));
 167              		.loc 1 200 7 view .LVU51
 200:Drivers/STM32F2xx_HAL_Driver/Src/stm32f2xx_hal_exti.c ****       regval &= ~(SYSCFG_EXTICR1_EXTI0 << (SYSCFG_EXTICR1_EXTI1_Pos * (linepos & 0x03u)));
 168              		.loc 1 200 39 is_stmt 0 view .LVU52
 169 0086 9208     		lsrs	r2, r2, #2
 170              	.LVL7:
 200:Drivers/STM32F2xx_HAL_Driver/Src/stm32f2xx_hal_exti.c ****       regval &= ~(SYSCFG_EXTICR1_EXTI0 << (SYSCFG_EXTICR1_EXTI1_Pos * (linepos & 0x03u)));
 171              		.loc 1 200 14 view .LVU53
 172 0088 124E     		ldr	r6, .L18+4
 173 008a 0232     		adds	r2, r2, #2
 174 008c 56F82240 		ldr	r4, [r6, r2, lsl #2]
 175              	.LVL8:
 201:Drivers/STM32F2xx_HAL_Driver/Src/stm32f2xx_hal_exti.c ****       regval |= (pExtiConfig->GPIOSel << (SYSCFG_EXTICR1_EXTI1_Pos * (linepos & 0x03u)));
 176              		.loc 1 201 7 is_stmt 1 view .LVU54
 201:Drivers/STM32F2xx_HAL_Driver/Src/stm32f2xx_hal_exti.c ****       regval |= (pExtiConfig->GPIOSel << (SYSCFG_EXTICR1_EXTI1_Pos * (linepos & 0x03u)));
 177              		.loc 1 201 80 is_stmt 0 view .LVU55
 178 0090 03F00303 		and	r3, r3, #3
 179              	.LVL9:
 201:Drivers/STM32F2xx_HAL_Driver/Src/stm32f2xx_hal_exti.c ****       regval |= (pExtiConfig->GPIOSel << (SYSCFG_EXTICR1_EXTI1_Pos * (linepos & 0x03u)));
 180              		.loc 1 201 69 view .LVU56
 181 0094 9B00     		lsls	r3, r3, #2
 201:Drivers/STM32F2xx_HAL_Driver/Src/stm32f2xx_hal_exti.c ****       regval |= (pExtiConfig->GPIOSel << (SYSCFG_EXTICR1_EXTI1_Pos * (linepos & 0x03u)));
 182              		.loc 1 201 40 view .LVU57
 183 0096 0F25     		movs	r5, #15
 184 0098 9D40     		lsls	r5, r5, r3
 201:Drivers/STM32F2xx_HAL_Driver/Src/stm32f2xx_hal_exti.c ****       regval |= (pExtiConfig->GPIOSel << (SYSCFG_EXTICR1_EXTI1_Pos * (linepos & 0x03u)));
 185              		.loc 1 201 14 view .LVU58
 186 009a 24EA0504 		bic	r4, r4, r5
 187              	.LVL10:
 202:Drivers/STM32F2xx_HAL_Driver/Src/stm32f2xx_hal_exti.c ****       SYSCFG->EXTICR[linepos >> 2u] = regval;
 188              		.loc 1 202 7 is_stmt 1 view .LVU59
 202:Drivers/STM32F2xx_HAL_Driver/Src/stm32f2xx_hal_exti.c ****       SYSCFG->EXTICR[linepos >> 2u] = regval;
 189              		.loc 1 202 39 is_stmt 0 view .LVU60
 190 009e CD68     		ldr	r5, [r1, #12]
 191 00a0 05FA03F3 		lsl	r3, r5, r3
 202:Drivers/STM32F2xx_HAL_Driver/Src/stm32f2xx_hal_exti.c ****       SYSCFG->EXTICR[linepos >> 2u] = regval;
 192              		.loc 1 202 14 view .LVU61
 193 00a4 2343     		orrs	r3, r3, r4
 194              	.LVL11:
 203:Drivers/STM32F2xx_HAL_Driver/Src/stm32f2xx_hal_exti.c ****     }
 195              		.loc 1 203 7 is_stmt 1 view .LVU62
 203:Drivers/STM32F2xx_HAL_Driver/Src/stm32f2xx_hal_exti.c ****     }
 196              		.loc 1 203 37 is_stmt 0 view .LVU63
 197 00a6 46F82230 		str	r3, [r6, r2, lsl #2]
 198 00aa CDE7     		b	.L3
 199              	.LVL12:
 200              	.L8:
 215:Drivers/STM32F2xx_HAL_Driver/Src/stm32f2xx_hal_exti.c ****   }
 201              		.loc 1 215 5 is_stmt 1 view .LVU64
 215:Drivers/STM32F2xx_HAL_Driver/Src/stm32f2xx_hal_exti.c ****   }
 202              		.loc 1 215 15 is_stmt 0 view .LVU65
 203 00ac 084A     		ldr	r2, .L18
 204 00ae 1368     		ldr	r3, [r2]
 205 00b0 23EA0003 		bic	r3, r3, r0
ARM GAS  C:\Users\Artem\AppData\Local\Temp\cctfwtuB.s 			page 9


 206 00b4 1360     		str	r3, [r2]
 207 00b6 CFE7     		b	.L9
 208              	.L10:
 226:Drivers/STM32F2xx_HAL_Driver/Src/stm32f2xx_hal_exti.c ****   }
 209              		.loc 1 226 5 is_stmt 1 view .LVU66
 226:Drivers/STM32F2xx_HAL_Driver/Src/stm32f2xx_hal_exti.c ****   }
 210              		.loc 1 226 15 is_stmt 0 view .LVU67
 211 00b8 054A     		ldr	r2, .L18
 212 00ba 5368     		ldr	r3, [r2, #4]
 213 00bc 23EA0000 		bic	r0, r3, r0
 214              	.LVL13:
 226:Drivers/STM32F2xx_HAL_Driver/Src/stm32f2xx_hal_exti.c ****   }
 215              		.loc 1 226 15 view .LVU68
 216 00c0 5060     		str	r0, [r2, #4]
 229:Drivers/STM32F2xx_HAL_Driver/Src/stm32f2xx_hal_exti.c **** }
 217              		.loc 1 229 10 view .LVU69
 218 00c2 0020     		movs	r0, #0
 219 00c4 D1E7     		b	.L2
 220              	.LVL14:
 221              	.L11:
 222              	.LCFI3:
 223              		.cfi_def_cfa_offset 0
 224              		.cfi_restore 4
 225              		.cfi_restore 5
 226              		.cfi_restore 6
 152:Drivers/STM32F2xx_HAL_Driver/Src/stm32f2xx_hal_exti.c ****   }
 227              		.loc 1 152 12 view .LVU70
 228 00c6 0120     		movs	r0, #1
 229              	.LVL15:
 152:Drivers/STM32F2xx_HAL_Driver/Src/stm32f2xx_hal_exti.c ****   }
 230              		.loc 1 152 12 view .LVU71
 231 00c8 7047     		bx	lr
 232              	.LVL16:
 233              	.L12:
 152:Drivers/STM32F2xx_HAL_Driver/Src/stm32f2xx_hal_exti.c ****   }
 234              		.loc 1 152 12 view .LVU72
 235 00ca 0120     		movs	r0, #1
 236              	.LVL17:
 237              		.loc 1 230 1 view .LVU73
 238 00cc 7047     		bx	lr
 239              	.L19:
 240 00ce 00BF     		.align	2
 241              	.L18:
 242 00d0 003C0140 		.word	1073822720
 243 00d4 00380140 		.word	1073821696
 244              		.cfi_endproc
 245              	.LFE72:
 247              		.section	.text.HAL_EXTI_GetConfigLine,"ax",%progbits
 248              		.align	1
 249              		.global	HAL_EXTI_GetConfigLine
 250              		.syntax unified
 251              		.thumb
 252              		.thumb_func
 254              	HAL_EXTI_GetConfigLine:
 255              	.LVL18:
 256              	.LFB73:
 231:Drivers/STM32F2xx_HAL_Driver/Src/stm32f2xx_hal_exti.c **** 
ARM GAS  C:\Users\Artem\AppData\Local\Temp\cctfwtuB.s 			page 10


 232:Drivers/STM32F2xx_HAL_Driver/Src/stm32f2xx_hal_exti.c **** /**
 233:Drivers/STM32F2xx_HAL_Driver/Src/stm32f2xx_hal_exti.c ****   * @brief  Get configuration of a dedicated Exti line.
 234:Drivers/STM32F2xx_HAL_Driver/Src/stm32f2xx_hal_exti.c ****   * @param  hexti Exti handle.
 235:Drivers/STM32F2xx_HAL_Driver/Src/stm32f2xx_hal_exti.c ****   * @param  pExtiConfig Pointer on structure to store Exti configuration.
 236:Drivers/STM32F2xx_HAL_Driver/Src/stm32f2xx_hal_exti.c ****   * @retval HAL Status.
 237:Drivers/STM32F2xx_HAL_Driver/Src/stm32f2xx_hal_exti.c ****   */
 238:Drivers/STM32F2xx_HAL_Driver/Src/stm32f2xx_hal_exti.c **** HAL_StatusTypeDef HAL_EXTI_GetConfigLine(EXTI_HandleTypeDef *hexti, EXTI_ConfigTypeDef *pExtiConfig
 239:Drivers/STM32F2xx_HAL_Driver/Src/stm32f2xx_hal_exti.c **** {
 257              		.loc 1 239 1 is_stmt 1 view -0
 258              		.cfi_startproc
 259              		@ args = 0, pretend = 0, frame = 0
 260              		@ frame_needed = 0, uses_anonymous_args = 0
 261              		@ link register save eliminated.
 240:Drivers/STM32F2xx_HAL_Driver/Src/stm32f2xx_hal_exti.c ****   uint32_t regval;
 262              		.loc 1 240 3 view .LVU75
 241:Drivers/STM32F2xx_HAL_Driver/Src/stm32f2xx_hal_exti.c ****   uint32_t linepos;
 263              		.loc 1 241 3 view .LVU76
 242:Drivers/STM32F2xx_HAL_Driver/Src/stm32f2xx_hal_exti.c ****   uint32_t maskline;
 264              		.loc 1 242 3 view .LVU77
 243:Drivers/STM32F2xx_HAL_Driver/Src/stm32f2xx_hal_exti.c **** 
 244:Drivers/STM32F2xx_HAL_Driver/Src/stm32f2xx_hal_exti.c ****   /* Check null pointer */
 245:Drivers/STM32F2xx_HAL_Driver/Src/stm32f2xx_hal_exti.c ****   if ((hexti == NULL) || (pExtiConfig == NULL))
 265              		.loc 1 245 3 view .LVU78
 266              		.loc 1 245 6 is_stmt 0 view .LVU79
 267 0000 0028     		cmp	r0, #0
 268 0002 45D0     		beq	.L27
 269              		.loc 1 245 23 discriminator 1 view .LVU80
 270 0004 0029     		cmp	r1, #0
 271 0006 45D0     		beq	.L28
 246:Drivers/STM32F2xx_HAL_Driver/Src/stm32f2xx_hal_exti.c ****   {
 247:Drivers/STM32F2xx_HAL_Driver/Src/stm32f2xx_hal_exti.c ****     return HAL_ERROR;
 248:Drivers/STM32F2xx_HAL_Driver/Src/stm32f2xx_hal_exti.c ****   }
 249:Drivers/STM32F2xx_HAL_Driver/Src/stm32f2xx_hal_exti.c **** 
 250:Drivers/STM32F2xx_HAL_Driver/Src/stm32f2xx_hal_exti.c ****   /* Check the parameter */
 251:Drivers/STM32F2xx_HAL_Driver/Src/stm32f2xx_hal_exti.c ****   assert_param(IS_EXTI_LINE(hexti->Line));
 272              		.loc 1 251 3 is_stmt 1 view .LVU81
 252:Drivers/STM32F2xx_HAL_Driver/Src/stm32f2xx_hal_exti.c **** 
 253:Drivers/STM32F2xx_HAL_Driver/Src/stm32f2xx_hal_exti.c ****   /* Store handle line number to configuration structure */
 254:Drivers/STM32F2xx_HAL_Driver/Src/stm32f2xx_hal_exti.c ****   pExtiConfig->Line = hexti->Line;
 273              		.loc 1 254 3 view .LVU82
 274              		.loc 1 254 28 is_stmt 0 view .LVU83
 275 0008 0068     		ldr	r0, [r0]
 276              	.LVL19:
 277              		.loc 1 254 21 view .LVU84
 278 000a 0860     		str	r0, [r1]
 255:Drivers/STM32F2xx_HAL_Driver/Src/stm32f2xx_hal_exti.c **** 
 256:Drivers/STM32F2xx_HAL_Driver/Src/stm32f2xx_hal_exti.c ****   /* Compute line mask */
 257:Drivers/STM32F2xx_HAL_Driver/Src/stm32f2xx_hal_exti.c ****   linepos = (pExtiConfig->Line & EXTI_PIN_MASK);
 279              		.loc 1 257 3 is_stmt 1 view .LVU85
 280              		.loc 1 257 11 is_stmt 0 view .LVU86
 281 000c 00F01F0C 		and	ip, r0, #31
 282              	.LVL20:
 258:Drivers/STM32F2xx_HAL_Driver/Src/stm32f2xx_hal_exti.c ****   maskline = (1uL << linepos);
 283              		.loc 1 258 3 is_stmt 1 view .LVU87
 284              		.loc 1 258 12 is_stmt 0 view .LVU88
 285 0010 0123     		movs	r3, #1
 286 0012 03FA0CF3 		lsl	r3, r3, ip
ARM GAS  C:\Users\Artem\AppData\Local\Temp\cctfwtuB.s 			page 11


 287              	.LVL21:
 259:Drivers/STM32F2xx_HAL_Driver/Src/stm32f2xx_hal_exti.c **** 
 260:Drivers/STM32F2xx_HAL_Driver/Src/stm32f2xx_hal_exti.c ****   /* 1] Get core mode : interrupt */
 261:Drivers/STM32F2xx_HAL_Driver/Src/stm32f2xx_hal_exti.c **** 
 262:Drivers/STM32F2xx_HAL_Driver/Src/stm32f2xx_hal_exti.c ****   /* Check if selected line is enable */
 263:Drivers/STM32F2xx_HAL_Driver/Src/stm32f2xx_hal_exti.c ****   if ((EXTI->IMR & maskline) != 0x00u)
 288              		.loc 1 263 3 is_stmt 1 view .LVU89
 289              		.loc 1 263 12 is_stmt 0 view .LVU90
 290 0016 214A     		ldr	r2, .L32
 291 0018 1268     		ldr	r2, [r2]
 292              		.loc 1 263 6 view .LVU91
 293 001a 1A42     		tst	r2, r3
 294 001c 24D0     		beq	.L22
 264:Drivers/STM32F2xx_HAL_Driver/Src/stm32f2xx_hal_exti.c ****   {
 265:Drivers/STM32F2xx_HAL_Driver/Src/stm32f2xx_hal_exti.c ****     pExtiConfig->Mode = EXTI_MODE_INTERRUPT;
 295              		.loc 1 265 5 is_stmt 1 view .LVU92
 296              		.loc 1 265 23 is_stmt 0 view .LVU93
 297 001e 0122     		movs	r2, #1
 298 0020 4A60     		str	r2, [r1, #4]
 299              	.L23:
 266:Drivers/STM32F2xx_HAL_Driver/Src/stm32f2xx_hal_exti.c ****   }
 267:Drivers/STM32F2xx_HAL_Driver/Src/stm32f2xx_hal_exti.c ****   else
 268:Drivers/STM32F2xx_HAL_Driver/Src/stm32f2xx_hal_exti.c ****   {
 269:Drivers/STM32F2xx_HAL_Driver/Src/stm32f2xx_hal_exti.c ****     pExtiConfig->Mode = EXTI_MODE_NONE;
 270:Drivers/STM32F2xx_HAL_Driver/Src/stm32f2xx_hal_exti.c ****   }
 271:Drivers/STM32F2xx_HAL_Driver/Src/stm32f2xx_hal_exti.c **** 
 272:Drivers/STM32F2xx_HAL_Driver/Src/stm32f2xx_hal_exti.c ****   /* Get event mode */
 273:Drivers/STM32F2xx_HAL_Driver/Src/stm32f2xx_hal_exti.c ****   /* Check if selected line is enable */
 274:Drivers/STM32F2xx_HAL_Driver/Src/stm32f2xx_hal_exti.c ****   if ((EXTI->EMR & maskline) != 0x00u)
 300              		.loc 1 274 3 is_stmt 1 view .LVU94
 301              		.loc 1 274 12 is_stmt 0 view .LVU95
 302 0022 1E4A     		ldr	r2, .L32
 303 0024 5268     		ldr	r2, [r2, #4]
 304              		.loc 1 274 6 view .LVU96
 305 0026 1A42     		tst	r2, r3
 306 0028 03D0     		beq	.L24
 275:Drivers/STM32F2xx_HAL_Driver/Src/stm32f2xx_hal_exti.c ****   {
 276:Drivers/STM32F2xx_HAL_Driver/Src/stm32f2xx_hal_exti.c ****     pExtiConfig->Mode |= EXTI_MODE_EVENT;
 307              		.loc 1 276 5 is_stmt 1 view .LVU97
 308              		.loc 1 276 23 is_stmt 0 view .LVU98
 309 002a 4A68     		ldr	r2, [r1, #4]
 310 002c 42F00202 		orr	r2, r2, #2
 311 0030 4A60     		str	r2, [r1, #4]
 312              	.L24:
 277:Drivers/STM32F2xx_HAL_Driver/Src/stm32f2xx_hal_exti.c ****   }
 278:Drivers/STM32F2xx_HAL_Driver/Src/stm32f2xx_hal_exti.c **** 
 279:Drivers/STM32F2xx_HAL_Driver/Src/stm32f2xx_hal_exti.c ****   /* Get default Trigger and GPIOSel configuration */
 280:Drivers/STM32F2xx_HAL_Driver/Src/stm32f2xx_hal_exti.c ****   pExtiConfig->Trigger = EXTI_TRIGGER_NONE;
 313              		.loc 1 280 3 is_stmt 1 view .LVU99
 314              		.loc 1 280 24 is_stmt 0 view .LVU100
 315 0032 0022     		movs	r2, #0
 316 0034 8A60     		str	r2, [r1, #8]
 281:Drivers/STM32F2xx_HAL_Driver/Src/stm32f2xx_hal_exti.c ****   pExtiConfig->GPIOSel = 0x00u;
 317              		.loc 1 281 3 is_stmt 1 view .LVU101
 318              		.loc 1 281 24 is_stmt 0 view .LVU102
 319 0036 CA60     		str	r2, [r1, #12]
 282:Drivers/STM32F2xx_HAL_Driver/Src/stm32f2xx_hal_exti.c **** 
ARM GAS  C:\Users\Artem\AppData\Local\Temp\cctfwtuB.s 			page 12


 283:Drivers/STM32F2xx_HAL_Driver/Src/stm32f2xx_hal_exti.c ****   /* 2] Get trigger for configurable lines : rising */
 284:Drivers/STM32F2xx_HAL_Driver/Src/stm32f2xx_hal_exti.c ****   if ((pExtiConfig->Line & EXTI_CONFIG) != 0x00u)
 320              		.loc 1 284 3 is_stmt 1 view .LVU103
 321              		.loc 1 284 6 is_stmt 0 view .LVU104
 322 0038 10F0007F 		tst	r0, #33554432
 323 003c 2CD0     		beq	.L29
 285:Drivers/STM32F2xx_HAL_Driver/Src/stm32f2xx_hal_exti.c ****   {
 286:Drivers/STM32F2xx_HAL_Driver/Src/stm32f2xx_hal_exti.c ****     /* Check if configuration of selected line is enable */
 287:Drivers/STM32F2xx_HAL_Driver/Src/stm32f2xx_hal_exti.c ****     if ((EXTI->RTSR & maskline) != 0x00u)
 324              		.loc 1 287 5 is_stmt 1 view .LVU105
 325              		.loc 1 287 14 is_stmt 0 view .LVU106
 326 003e 174A     		ldr	r2, .L32
 327 0040 9268     		ldr	r2, [r2, #8]
 328              		.loc 1 287 8 view .LVU107
 329 0042 1A42     		tst	r2, r3
 330 0044 01D0     		beq	.L25
 288:Drivers/STM32F2xx_HAL_Driver/Src/stm32f2xx_hal_exti.c ****     {
 289:Drivers/STM32F2xx_HAL_Driver/Src/stm32f2xx_hal_exti.c ****       pExtiConfig->Trigger = EXTI_TRIGGER_RISING;
 331              		.loc 1 289 7 is_stmt 1 view .LVU108
 332              		.loc 1 289 28 is_stmt 0 view .LVU109
 333 0046 0122     		movs	r2, #1
 334 0048 8A60     		str	r2, [r1, #8]
 335              	.L25:
 290:Drivers/STM32F2xx_HAL_Driver/Src/stm32f2xx_hal_exti.c ****     }
 291:Drivers/STM32F2xx_HAL_Driver/Src/stm32f2xx_hal_exti.c **** 
 292:Drivers/STM32F2xx_HAL_Driver/Src/stm32f2xx_hal_exti.c ****     /* Get falling configuration */
 293:Drivers/STM32F2xx_HAL_Driver/Src/stm32f2xx_hal_exti.c ****     /* Check if configuration of selected line is enable */
 294:Drivers/STM32F2xx_HAL_Driver/Src/stm32f2xx_hal_exti.c ****     if ((EXTI->FTSR & maskline) != 0x00u)
 336              		.loc 1 294 5 is_stmt 1 view .LVU110
 337              		.loc 1 294 14 is_stmt 0 view .LVU111
 338 004a 144A     		ldr	r2, .L32
 339 004c D268     		ldr	r2, [r2, #12]
 340              		.loc 1 294 8 view .LVU112
 341 004e 1A42     		tst	r2, r3
 342 0050 03D0     		beq	.L26
 295:Drivers/STM32F2xx_HAL_Driver/Src/stm32f2xx_hal_exti.c ****     {
 296:Drivers/STM32F2xx_HAL_Driver/Src/stm32f2xx_hal_exti.c ****       pExtiConfig->Trigger |= EXTI_TRIGGER_FALLING;
 343              		.loc 1 296 7 is_stmt 1 view .LVU113
 344              		.loc 1 296 28 is_stmt 0 view .LVU114
 345 0052 8B68     		ldr	r3, [r1, #8]
 346              	.LVL22:
 347              		.loc 1 296 28 view .LVU115
 348 0054 43F00203 		orr	r3, r3, #2
 349 0058 8B60     		str	r3, [r1, #8]
 350              	.L26:
 297:Drivers/STM32F2xx_HAL_Driver/Src/stm32f2xx_hal_exti.c ****     }
 298:Drivers/STM32F2xx_HAL_Driver/Src/stm32f2xx_hal_exti.c **** 
 299:Drivers/STM32F2xx_HAL_Driver/Src/stm32f2xx_hal_exti.c ****     /* Get Gpio port selection for gpio lines */
 300:Drivers/STM32F2xx_HAL_Driver/Src/stm32f2xx_hal_exti.c ****     if ((pExtiConfig->Line & EXTI_GPIO) == EXTI_GPIO)
 351              		.loc 1 300 5 is_stmt 1 view .LVU116
 352              		.loc 1 300 28 is_stmt 0 view .LVU117
 353 005a 00F0C063 		and	r3, r0, #100663296
 354              		.loc 1 300 8 view .LVU118
 355 005e B3F1C06F 		cmp	r3, #100663296
 356 0062 04D0     		beq	.L31
 301:Drivers/STM32F2xx_HAL_Driver/Src/stm32f2xx_hal_exti.c ****     {
 302:Drivers/STM32F2xx_HAL_Driver/Src/stm32f2xx_hal_exti.c ****       assert_param(IS_EXTI_GPIO_PIN(linepos));
ARM GAS  C:\Users\Artem\AppData\Local\Temp\cctfwtuB.s 			page 13


 303:Drivers/STM32F2xx_HAL_Driver/Src/stm32f2xx_hal_exti.c **** 
 304:Drivers/STM32F2xx_HAL_Driver/Src/stm32f2xx_hal_exti.c ****       regval = SYSCFG->EXTICR[linepos >> 2u];
 305:Drivers/STM32F2xx_HAL_Driver/Src/stm32f2xx_hal_exti.c ****       pExtiConfig->GPIOSel = ((regval << (SYSCFG_EXTICR1_EXTI1_Pos * (3uL - (linepos & 0x03u)))) >>
 306:Drivers/STM32F2xx_HAL_Driver/Src/stm32f2xx_hal_exti.c ****     }
 307:Drivers/STM32F2xx_HAL_Driver/Src/stm32f2xx_hal_exti.c ****   }
 308:Drivers/STM32F2xx_HAL_Driver/Src/stm32f2xx_hal_exti.c **** 
 309:Drivers/STM32F2xx_HAL_Driver/Src/stm32f2xx_hal_exti.c ****   return HAL_OK;
 357              		.loc 1 309 10 view .LVU119
 358 0064 0020     		movs	r0, #0
 310:Drivers/STM32F2xx_HAL_Driver/Src/stm32f2xx_hal_exti.c **** }
 359              		.loc 1 310 1 view .LVU120
 360 0066 7047     		bx	lr
 361              	.LVL23:
 362              	.L22:
 269:Drivers/STM32F2xx_HAL_Driver/Src/stm32f2xx_hal_exti.c ****   }
 363              		.loc 1 269 5 is_stmt 1 view .LVU121
 269:Drivers/STM32F2xx_HAL_Driver/Src/stm32f2xx_hal_exti.c ****   }
 364              		.loc 1 269 23 is_stmt 0 view .LVU122
 365 0068 0022     		movs	r2, #0
 366 006a 4A60     		str	r2, [r1, #4]
 367 006c D9E7     		b	.L23
 368              	.LVL24:
 369              	.L31:
 302:Drivers/STM32F2xx_HAL_Driver/Src/stm32f2xx_hal_exti.c **** 
 370              		.loc 1 302 7 is_stmt 1 view .LVU123
 304:Drivers/STM32F2xx_HAL_Driver/Src/stm32f2xx_hal_exti.c ****       pExtiConfig->GPIOSel = ((regval << (SYSCFG_EXTICR1_EXTI1_Pos * (3uL - (linepos & 0x03u)))) >>
 371              		.loc 1 304 7 view .LVU124
 304:Drivers/STM32F2xx_HAL_Driver/Src/stm32f2xx_hal_exti.c ****       pExtiConfig->GPIOSel = ((regval << (SYSCFG_EXTICR1_EXTI1_Pos * (3uL - (linepos & 0x03u)))) >>
 372              		.loc 1 304 39 is_stmt 0 view .LVU125
 373 006e 4FEA9C03 		lsr	r3, ip, #2
 304:Drivers/STM32F2xx_HAL_Driver/Src/stm32f2xx_hal_exti.c ****       pExtiConfig->GPIOSel = ((regval << (SYSCFG_EXTICR1_EXTI1_Pos * (3uL - (linepos & 0x03u)))) >>
 374              		.loc 1 304 14 view .LVU126
 375 0072 0233     		adds	r3, r3, #2
 376 0074 0A4A     		ldr	r2, .L32+4
 377 0076 52F82320 		ldr	r2, [r2, r3, lsl #2]
 378              	.LVL25:
 305:Drivers/STM32F2xx_HAL_Driver/Src/stm32f2xx_hal_exti.c ****     }
 379              		.loc 1 305 7 is_stmt 1 view .LVU127
 305:Drivers/STM32F2xx_HAL_Driver/Src/stm32f2xx_hal_exti.c ****     }
 380              		.loc 1 305 75 is_stmt 0 view .LVU128
 381 007a 6FEA0C03 		mvn	r3, ip
 382 007e 03F00303 		and	r3, r3, #3
 305:Drivers/STM32F2xx_HAL_Driver/Src/stm32f2xx_hal_exti.c ****     }
 383              		.loc 1 305 68 view .LVU129
 384 0082 9B00     		lsls	r3, r3, #2
 305:Drivers/STM32F2xx_HAL_Driver/Src/stm32f2xx_hal_exti.c ****     }
 385              		.loc 1 305 39 view .LVU130
 386 0084 02FA03F3 		lsl	r3, r2, r3
 305:Drivers/STM32F2xx_HAL_Driver/Src/stm32f2xx_hal_exti.c ****     }
 387              		.loc 1 305 98 view .LVU131
 388 0088 1B0E     		lsrs	r3, r3, #24
 305:Drivers/STM32F2xx_HAL_Driver/Src/stm32f2xx_hal_exti.c ****     }
 389              		.loc 1 305 28 view .LVU132
 390 008a CB60     		str	r3, [r1, #12]
 309:Drivers/STM32F2xx_HAL_Driver/Src/stm32f2xx_hal_exti.c **** }
 391              		.loc 1 309 10 view .LVU133
 392 008c 0020     		movs	r0, #0
ARM GAS  C:\Users\Artem\AppData\Local\Temp\cctfwtuB.s 			page 14


 393 008e 7047     		bx	lr
 394              	.LVL26:
 395              	.L27:
 247:Drivers/STM32F2xx_HAL_Driver/Src/stm32f2xx_hal_exti.c ****   }
 396              		.loc 1 247 12 view .LVU134
 397 0090 0120     		movs	r0, #1
 398              	.LVL27:
 247:Drivers/STM32F2xx_HAL_Driver/Src/stm32f2xx_hal_exti.c ****   }
 399              		.loc 1 247 12 view .LVU135
 400 0092 7047     		bx	lr
 401              	.LVL28:
 402              	.L28:
 247:Drivers/STM32F2xx_HAL_Driver/Src/stm32f2xx_hal_exti.c ****   }
 403              		.loc 1 247 12 view .LVU136
 404 0094 0120     		movs	r0, #1
 405              	.LVL29:
 247:Drivers/STM32F2xx_HAL_Driver/Src/stm32f2xx_hal_exti.c ****   }
 406              		.loc 1 247 12 view .LVU137
 407 0096 7047     		bx	lr
 408              	.LVL30:
 409              	.L29:
 309:Drivers/STM32F2xx_HAL_Driver/Src/stm32f2xx_hal_exti.c **** }
 410              		.loc 1 309 10 view .LVU138
 411 0098 0020     		movs	r0, #0
 412 009a 7047     		bx	lr
 413              	.L33:
 414              		.align	2
 415              	.L32:
 416 009c 003C0140 		.word	1073822720
 417 00a0 00380140 		.word	1073821696
 418              		.cfi_endproc
 419              	.LFE73:
 421              		.section	.text.HAL_EXTI_ClearConfigLine,"ax",%progbits
 422              		.align	1
 423              		.global	HAL_EXTI_ClearConfigLine
 424              		.syntax unified
 425              		.thumb
 426              		.thumb_func
 428              	HAL_EXTI_ClearConfigLine:
 429              	.LVL31:
 430              	.LFB74:
 311:Drivers/STM32F2xx_HAL_Driver/Src/stm32f2xx_hal_exti.c **** 
 312:Drivers/STM32F2xx_HAL_Driver/Src/stm32f2xx_hal_exti.c **** /**
 313:Drivers/STM32F2xx_HAL_Driver/Src/stm32f2xx_hal_exti.c ****   * @brief  Clear whole configuration of a dedicated Exti line.
 314:Drivers/STM32F2xx_HAL_Driver/Src/stm32f2xx_hal_exti.c ****   * @param  hexti Exti handle.
 315:Drivers/STM32F2xx_HAL_Driver/Src/stm32f2xx_hal_exti.c ****   * @retval HAL Status.
 316:Drivers/STM32F2xx_HAL_Driver/Src/stm32f2xx_hal_exti.c ****   */
 317:Drivers/STM32F2xx_HAL_Driver/Src/stm32f2xx_hal_exti.c **** HAL_StatusTypeDef HAL_EXTI_ClearConfigLine(EXTI_HandleTypeDef *hexti)
 318:Drivers/STM32F2xx_HAL_Driver/Src/stm32f2xx_hal_exti.c **** {
 431              		.loc 1 318 1 is_stmt 1 view -0
 432              		.cfi_startproc
 433              		@ args = 0, pretend = 0, frame = 0
 434              		@ frame_needed = 0, uses_anonymous_args = 0
 319:Drivers/STM32F2xx_HAL_Driver/Src/stm32f2xx_hal_exti.c ****   uint32_t regval;
 435              		.loc 1 319 3 view .LVU140
 320:Drivers/STM32F2xx_HAL_Driver/Src/stm32f2xx_hal_exti.c ****   uint32_t linepos;
 436              		.loc 1 320 3 view .LVU141
ARM GAS  C:\Users\Artem\AppData\Local\Temp\cctfwtuB.s 			page 15


 321:Drivers/STM32F2xx_HAL_Driver/Src/stm32f2xx_hal_exti.c ****   uint32_t maskline;
 437              		.loc 1 321 3 view .LVU142
 322:Drivers/STM32F2xx_HAL_Driver/Src/stm32f2xx_hal_exti.c **** 
 323:Drivers/STM32F2xx_HAL_Driver/Src/stm32f2xx_hal_exti.c ****   /* Check null pointer */
 324:Drivers/STM32F2xx_HAL_Driver/Src/stm32f2xx_hal_exti.c ****   if (hexti == NULL)
 438              		.loc 1 324 3 view .LVU143
 439              		.loc 1 324 6 is_stmt 0 view .LVU144
 440 0000 0028     		cmp	r0, #0
 441 0002 38D0     		beq	.L36
 318:Drivers/STM32F2xx_HAL_Driver/Src/stm32f2xx_hal_exti.c ****   uint32_t regval;
 442              		.loc 1 318 1 view .LVU145
 443 0004 10B5     		push	{r4, lr}
 444              	.LCFI4:
 445              		.cfi_def_cfa_offset 8
 446              		.cfi_offset 4, -8
 447              		.cfi_offset 14, -4
 448 0006 8446     		mov	ip, r0
 325:Drivers/STM32F2xx_HAL_Driver/Src/stm32f2xx_hal_exti.c ****   {
 326:Drivers/STM32F2xx_HAL_Driver/Src/stm32f2xx_hal_exti.c ****     return HAL_ERROR;
 327:Drivers/STM32F2xx_HAL_Driver/Src/stm32f2xx_hal_exti.c ****   }
 328:Drivers/STM32F2xx_HAL_Driver/Src/stm32f2xx_hal_exti.c **** 
 329:Drivers/STM32F2xx_HAL_Driver/Src/stm32f2xx_hal_exti.c ****   /* Check the parameter */
 330:Drivers/STM32F2xx_HAL_Driver/Src/stm32f2xx_hal_exti.c ****   assert_param(IS_EXTI_LINE(hexti->Line));
 449              		.loc 1 330 3 is_stmt 1 view .LVU146
 331:Drivers/STM32F2xx_HAL_Driver/Src/stm32f2xx_hal_exti.c **** 
 332:Drivers/STM32F2xx_HAL_Driver/Src/stm32f2xx_hal_exti.c ****   /* compute line mask */
 333:Drivers/STM32F2xx_HAL_Driver/Src/stm32f2xx_hal_exti.c ****   linepos = (hexti->Line & EXTI_PIN_MASK);
 450              		.loc 1 333 3 view .LVU147
 451              		.loc 1 333 19 is_stmt 0 view .LVU148
 452 0008 0468     		ldr	r4, [r0]
 453              		.loc 1 333 11 view .LVU149
 454 000a 04F01F00 		and	r0, r4, #31
 455              	.LVL32:
 334:Drivers/STM32F2xx_HAL_Driver/Src/stm32f2xx_hal_exti.c ****   maskline = (1uL << linepos);
 456              		.loc 1 334 3 is_stmt 1 view .LVU150
 457              		.loc 1 334 12 is_stmt 0 view .LVU151
 458 000e 0123     		movs	r3, #1
 459 0010 8340     		lsls	r3, r3, r0
 460              	.LVL33:
 335:Drivers/STM32F2xx_HAL_Driver/Src/stm32f2xx_hal_exti.c **** 
 336:Drivers/STM32F2xx_HAL_Driver/Src/stm32f2xx_hal_exti.c ****   /* 1] Clear interrupt mode */
 337:Drivers/STM32F2xx_HAL_Driver/Src/stm32f2xx_hal_exti.c ****   EXTI->IMR = (EXTI->IMR & ~maskline);
 461              		.loc 1 337 3 is_stmt 1 view .LVU152
 462              		.loc 1 337 20 is_stmt 0 view .LVU153
 463 0012 1B4A     		ldr	r2, .L44
 464 0014 1168     		ldr	r1, [r2]
 465              		.loc 1 337 28 view .LVU154
 466 0016 6FEA030E 		mvn	lr, r3
 467              		.loc 1 337 26 view .LVU155
 468 001a 21EA0301 		bic	r1, r1, r3
 469              		.loc 1 337 13 view .LVU156
 470 001e 1160     		str	r1, [r2]
 338:Drivers/STM32F2xx_HAL_Driver/Src/stm32f2xx_hal_exti.c **** 
 339:Drivers/STM32F2xx_HAL_Driver/Src/stm32f2xx_hal_exti.c ****   /* 2] Clear event mode */
 340:Drivers/STM32F2xx_HAL_Driver/Src/stm32f2xx_hal_exti.c ****   EXTI->EMR = (EXTI->EMR & ~maskline);
 471              		.loc 1 340 3 is_stmt 1 view .LVU157
 472              		.loc 1 340 20 is_stmt 0 view .LVU158
ARM GAS  C:\Users\Artem\AppData\Local\Temp\cctfwtuB.s 			page 16


 473 0020 5168     		ldr	r1, [r2, #4]
 474              		.loc 1 340 26 view .LVU159
 475 0022 21EA0303 		bic	r3, r1, r3
 476              	.LVL34:
 477              		.loc 1 340 13 view .LVU160
 478 0026 5360     		str	r3, [r2, #4]
 341:Drivers/STM32F2xx_HAL_Driver/Src/stm32f2xx_hal_exti.c **** 
 342:Drivers/STM32F2xx_HAL_Driver/Src/stm32f2xx_hal_exti.c ****   /* 3] Clear triggers in case of configurable lines */
 343:Drivers/STM32F2xx_HAL_Driver/Src/stm32f2xx_hal_exti.c ****   if ((hexti->Line & EXTI_CONFIG) != 0x00u)
 479              		.loc 1 343 3 is_stmt 1 view .LVU161
 480              		.loc 1 343 13 is_stmt 0 view .LVU162
 481 0028 DCF80030 		ldr	r3, [ip]
 482              		.loc 1 343 6 view .LVU163
 483 002c 13F0007F 		tst	r3, #33554432
 484 0030 23D0     		beq	.L37
 344:Drivers/STM32F2xx_HAL_Driver/Src/stm32f2xx_hal_exti.c ****   {
 345:Drivers/STM32F2xx_HAL_Driver/Src/stm32f2xx_hal_exti.c ****     EXTI->RTSR = (EXTI->RTSR & ~maskline);
 485              		.loc 1 345 5 is_stmt 1 view .LVU164
 486              		.loc 1 345 23 is_stmt 0 view .LVU165
 487 0032 9368     		ldr	r3, [r2, #8]
 488              		.loc 1 345 30 view .LVU166
 489 0034 0EEA0303 		and	r3, lr, r3
 490              		.loc 1 345 16 view .LVU167
 491 0038 9360     		str	r3, [r2, #8]
 346:Drivers/STM32F2xx_HAL_Driver/Src/stm32f2xx_hal_exti.c ****     EXTI->FTSR = (EXTI->FTSR & ~maskline);
 492              		.loc 1 346 5 is_stmt 1 view .LVU168
 493              		.loc 1 346 23 is_stmt 0 view .LVU169
 494 003a D368     		ldr	r3, [r2, #12]
 495              		.loc 1 346 30 view .LVU170
 496 003c 0EEA0303 		and	r3, lr, r3
 497              		.loc 1 346 16 view .LVU171
 498 0040 D360     		str	r3, [r2, #12]
 347:Drivers/STM32F2xx_HAL_Driver/Src/stm32f2xx_hal_exti.c **** 
 348:Drivers/STM32F2xx_HAL_Driver/Src/stm32f2xx_hal_exti.c ****     /* Get Gpio port selection for gpio lines */
 349:Drivers/STM32F2xx_HAL_Driver/Src/stm32f2xx_hal_exti.c ****     if ((hexti->Line & EXTI_GPIO) == EXTI_GPIO)
 499              		.loc 1 349 5 is_stmt 1 view .LVU172
 500              		.loc 1 349 15 is_stmt 0 view .LVU173
 501 0042 DCF80030 		ldr	r3, [ip]
 502              		.loc 1 349 22 view .LVU174
 503 0046 03F0C063 		and	r3, r3, #100663296
 504              		.loc 1 349 8 view .LVU175
 505 004a B3F1C06F 		cmp	r3, #100663296
 506 004e 01D0     		beq	.L43
 350:Drivers/STM32F2xx_HAL_Driver/Src/stm32f2xx_hal_exti.c ****     {
 351:Drivers/STM32F2xx_HAL_Driver/Src/stm32f2xx_hal_exti.c ****       assert_param(IS_EXTI_GPIO_PIN(linepos));
 352:Drivers/STM32F2xx_HAL_Driver/Src/stm32f2xx_hal_exti.c **** 
 353:Drivers/STM32F2xx_HAL_Driver/Src/stm32f2xx_hal_exti.c ****       regval = SYSCFG->EXTICR[linepos >> 2u];
 354:Drivers/STM32F2xx_HAL_Driver/Src/stm32f2xx_hal_exti.c ****       regval &= ~(SYSCFG_EXTICR1_EXTI0 << (SYSCFG_EXTICR1_EXTI1_Pos * (linepos & 0x03u)));
 355:Drivers/STM32F2xx_HAL_Driver/Src/stm32f2xx_hal_exti.c ****       SYSCFG->EXTICR[linepos >> 2u] = regval;
 356:Drivers/STM32F2xx_HAL_Driver/Src/stm32f2xx_hal_exti.c ****     }
 357:Drivers/STM32F2xx_HAL_Driver/Src/stm32f2xx_hal_exti.c ****   }
 358:Drivers/STM32F2xx_HAL_Driver/Src/stm32f2xx_hal_exti.c **** 
 359:Drivers/STM32F2xx_HAL_Driver/Src/stm32f2xx_hal_exti.c ****   return HAL_OK;
 507              		.loc 1 359 10 view .LVU176
 508 0050 0020     		movs	r0, #0
 509              	.LVL35:
 510              		.loc 1 359 10 view .LVU177
ARM GAS  C:\Users\Artem\AppData\Local\Temp\cctfwtuB.s 			page 17


 511 0052 13E0     		b	.L35
 512              	.LVL36:
 513              	.L43:
 351:Drivers/STM32F2xx_HAL_Driver/Src/stm32f2xx_hal_exti.c **** 
 514              		.loc 1 351 7 is_stmt 1 view .LVU178
 353:Drivers/STM32F2xx_HAL_Driver/Src/stm32f2xx_hal_exti.c ****       regval &= ~(SYSCFG_EXTICR1_EXTI0 << (SYSCFG_EXTICR1_EXTI1_Pos * (linepos & 0x03u)));
 515              		.loc 1 353 7 view .LVU179
 353:Drivers/STM32F2xx_HAL_Driver/Src/stm32f2xx_hal_exti.c ****       regval &= ~(SYSCFG_EXTICR1_EXTI0 << (SYSCFG_EXTICR1_EXTI1_Pos * (linepos & 0x03u)));
 516              		.loc 1 353 39 is_stmt 0 view .LVU180
 517 0054 8008     		lsrs	r0, r0, #2
 518              	.LVL37:
 353:Drivers/STM32F2xx_HAL_Driver/Src/stm32f2xx_hal_exti.c ****       regval &= ~(SYSCFG_EXTICR1_EXTI0 << (SYSCFG_EXTICR1_EXTI1_Pos * (linepos & 0x03u)));
 519              		.loc 1 353 14 view .LVU181
 520 0056 0B49     		ldr	r1, .L44+4
 521 0058 0230     		adds	r0, r0, #2
 522 005a 51F82030 		ldr	r3, [r1, r0, lsl #2]
 523              	.LVL38:
 354:Drivers/STM32F2xx_HAL_Driver/Src/stm32f2xx_hal_exti.c ****       SYSCFG->EXTICR[linepos >> 2u] = regval;
 524              		.loc 1 354 7 is_stmt 1 view .LVU182
 354:Drivers/STM32F2xx_HAL_Driver/Src/stm32f2xx_hal_exti.c ****       SYSCFG->EXTICR[linepos >> 2u] = regval;
 525              		.loc 1 354 80 is_stmt 0 view .LVU183
 526 005e 04F00304 		and	r4, r4, #3
 527              	.LVL39:
 354:Drivers/STM32F2xx_HAL_Driver/Src/stm32f2xx_hal_exti.c ****       SYSCFG->EXTICR[linepos >> 2u] = regval;
 528              		.loc 1 354 69 view .LVU184
 529 0062 A400     		lsls	r4, r4, #2
 354:Drivers/STM32F2xx_HAL_Driver/Src/stm32f2xx_hal_exti.c ****       SYSCFG->EXTICR[linepos >> 2u] = regval;
 530              		.loc 1 354 40 view .LVU185
 531 0064 0F22     		movs	r2, #15
 532 0066 02FA04F4 		lsl	r4, r2, r4
 354:Drivers/STM32F2xx_HAL_Driver/Src/stm32f2xx_hal_exti.c ****       SYSCFG->EXTICR[linepos >> 2u] = regval;
 533              		.loc 1 354 14 view .LVU186
 534 006a 23EA0404 		bic	r4, r3, r4
 535              	.LVL40:
 355:Drivers/STM32F2xx_HAL_Driver/Src/stm32f2xx_hal_exti.c ****     }
 536              		.loc 1 355 7 is_stmt 1 view .LVU187
 355:Drivers/STM32F2xx_HAL_Driver/Src/stm32f2xx_hal_exti.c ****     }
 537              		.loc 1 355 37 is_stmt 0 view .LVU188
 538 006e 41F82040 		str	r4, [r1, r0, lsl #2]
 539              		.loc 1 359 10 view .LVU189
 540 0072 0020     		movs	r0, #0
 541 0074 02E0     		b	.L35
 542              	.LVL41:
 543              	.L36:
 544              	.LCFI5:
 545              		.cfi_def_cfa_offset 0
 546              		.cfi_restore 4
 547              		.cfi_restore 14
 326:Drivers/STM32F2xx_HAL_Driver/Src/stm32f2xx_hal_exti.c ****   }
 548              		.loc 1 326 12 view .LVU190
 549 0076 0120     		movs	r0, #1
 550              	.LVL42:
 360:Drivers/STM32F2xx_HAL_Driver/Src/stm32f2xx_hal_exti.c **** }
 551              		.loc 1 360 1 view .LVU191
 552 0078 7047     		bx	lr
 553              	.LVL43:
 554              	.L37:
ARM GAS  C:\Users\Artem\AppData\Local\Temp\cctfwtuB.s 			page 18


 555              	.LCFI6:
 556              		.cfi_def_cfa_offset 8
 557              		.cfi_offset 4, -8
 558              		.cfi_offset 14, -4
 359:Drivers/STM32F2xx_HAL_Driver/Src/stm32f2xx_hal_exti.c **** }
 559              		.loc 1 359 10 view .LVU192
 560 007a 0020     		movs	r0, #0
 561              	.LVL44:
 562              	.L35:
 563              		.loc 1 360 1 view .LVU193
 564 007c 10BD     		pop	{r4, pc}
 565              	.L45:
 566 007e 00BF     		.align	2
 567              	.L44:
 568 0080 003C0140 		.word	1073822720
 569 0084 00380140 		.word	1073821696
 570              		.cfi_endproc
 571              	.LFE74:
 573              		.section	.text.HAL_EXTI_RegisterCallback,"ax",%progbits
 574              		.align	1
 575              		.global	HAL_EXTI_RegisterCallback
 576              		.syntax unified
 577              		.thumb
 578              		.thumb_func
 580              	HAL_EXTI_RegisterCallback:
 581              	.LVL45:
 582              	.LFB75:
 361:Drivers/STM32F2xx_HAL_Driver/Src/stm32f2xx_hal_exti.c **** 
 362:Drivers/STM32F2xx_HAL_Driver/Src/stm32f2xx_hal_exti.c **** /**
 363:Drivers/STM32F2xx_HAL_Driver/Src/stm32f2xx_hal_exti.c ****   * @brief  Register callback for a dedicated Exti line.
 364:Drivers/STM32F2xx_HAL_Driver/Src/stm32f2xx_hal_exti.c ****   * @param  hexti Exti handle.
 365:Drivers/STM32F2xx_HAL_Driver/Src/stm32f2xx_hal_exti.c ****   * @param  CallbackID User callback identifier.
 366:Drivers/STM32F2xx_HAL_Driver/Src/stm32f2xx_hal_exti.c ****   *         This parameter can be one of @arg @ref EXTI_CallbackIDTypeDef values.
 367:Drivers/STM32F2xx_HAL_Driver/Src/stm32f2xx_hal_exti.c ****   * @param  pPendingCbfn function pointer to be stored as callback.
 368:Drivers/STM32F2xx_HAL_Driver/Src/stm32f2xx_hal_exti.c ****   * @retval HAL Status.
 369:Drivers/STM32F2xx_HAL_Driver/Src/stm32f2xx_hal_exti.c ****   */
 370:Drivers/STM32F2xx_HAL_Driver/Src/stm32f2xx_hal_exti.c **** HAL_StatusTypeDef HAL_EXTI_RegisterCallback(EXTI_HandleTypeDef *hexti, EXTI_CallbackIDTypeDef Callb
 371:Drivers/STM32F2xx_HAL_Driver/Src/stm32f2xx_hal_exti.c **** {
 583              		.loc 1 371 1 is_stmt 1 view -0
 584              		.cfi_startproc
 585              		@ args = 0, pretend = 0, frame = 0
 586              		@ frame_needed = 0, uses_anonymous_args = 0
 587              		@ link register save eliminated.
 588              		.loc 1 371 1 is_stmt 0 view .LVU195
 589 0000 0346     		mov	r3, r0
 372:Drivers/STM32F2xx_HAL_Driver/Src/stm32f2xx_hal_exti.c ****   HAL_StatusTypeDef status = HAL_OK;
 590              		.loc 1 372 3 is_stmt 1 view .LVU196
 591              	.LVL46:
 373:Drivers/STM32F2xx_HAL_Driver/Src/stm32f2xx_hal_exti.c **** 
 374:Drivers/STM32F2xx_HAL_Driver/Src/stm32f2xx_hal_exti.c ****   switch (CallbackID)
 592              		.loc 1 374 3 view .LVU197
 593 0002 0846     		mov	r0, r1
 594              	.LVL47:
 595              		.loc 1 374 3 is_stmt 0 view .LVU198
 596 0004 09B9     		cbnz	r1, .L48
 375:Drivers/STM32F2xx_HAL_Driver/Src/stm32f2xx_hal_exti.c ****   {
 376:Drivers/STM32F2xx_HAL_Driver/Src/stm32f2xx_hal_exti.c ****     case  HAL_EXTI_COMMON_CB_ID:
ARM GAS  C:\Users\Artem\AppData\Local\Temp\cctfwtuB.s 			page 19


 377:Drivers/STM32F2xx_HAL_Driver/Src/stm32f2xx_hal_exti.c ****       hexti->PendingCallback = pPendingCbfn;
 597              		.loc 1 377 7 is_stmt 1 view .LVU199
 598              		.loc 1 377 30 is_stmt 0 view .LVU200
 599 0006 5A60     		str	r2, [r3, #4]
 378:Drivers/STM32F2xx_HAL_Driver/Src/stm32f2xx_hal_exti.c ****       break;
 600              		.loc 1 378 7 is_stmt 1 view .LVU201
 601 0008 7047     		bx	lr
 602              	.L48:
 379:Drivers/STM32F2xx_HAL_Driver/Src/stm32f2xx_hal_exti.c **** 
 380:Drivers/STM32F2xx_HAL_Driver/Src/stm32f2xx_hal_exti.c ****     default:
 381:Drivers/STM32F2xx_HAL_Driver/Src/stm32f2xx_hal_exti.c ****       status = HAL_ERROR;
 603              		.loc 1 381 14 is_stmt 0 view .LVU202
 604 000a 0120     		movs	r0, #1
 605              	.LVL48:
 382:Drivers/STM32F2xx_HAL_Driver/Src/stm32f2xx_hal_exti.c ****       break;
 383:Drivers/STM32F2xx_HAL_Driver/Src/stm32f2xx_hal_exti.c ****   }
 384:Drivers/STM32F2xx_HAL_Driver/Src/stm32f2xx_hal_exti.c **** 
 385:Drivers/STM32F2xx_HAL_Driver/Src/stm32f2xx_hal_exti.c ****   return status;
 606              		.loc 1 385 3 is_stmt 1 view .LVU203
 386:Drivers/STM32F2xx_HAL_Driver/Src/stm32f2xx_hal_exti.c **** }
 607              		.loc 1 386 1 is_stmt 0 view .LVU204
 608 000c 7047     		bx	lr
 609              		.cfi_endproc
 610              	.LFE75:
 612              		.section	.text.HAL_EXTI_GetHandle,"ax",%progbits
 613              		.align	1
 614              		.global	HAL_EXTI_GetHandle
 615              		.syntax unified
 616              		.thumb
 617              		.thumb_func
 619              	HAL_EXTI_GetHandle:
 620              	.LVL49:
 621              	.LFB76:
 387:Drivers/STM32F2xx_HAL_Driver/Src/stm32f2xx_hal_exti.c **** 
 388:Drivers/STM32F2xx_HAL_Driver/Src/stm32f2xx_hal_exti.c **** /**
 389:Drivers/STM32F2xx_HAL_Driver/Src/stm32f2xx_hal_exti.c ****   * @brief  Store line number as handle private field.
 390:Drivers/STM32F2xx_HAL_Driver/Src/stm32f2xx_hal_exti.c ****   * @param  hexti Exti handle.
 391:Drivers/STM32F2xx_HAL_Driver/Src/stm32f2xx_hal_exti.c ****   * @param  ExtiLine Exti line number.
 392:Drivers/STM32F2xx_HAL_Driver/Src/stm32f2xx_hal_exti.c ****   *         This parameter can be from 0 to @ref EXTI_LINE_NB.
 393:Drivers/STM32F2xx_HAL_Driver/Src/stm32f2xx_hal_exti.c ****   * @retval HAL Status.
 394:Drivers/STM32F2xx_HAL_Driver/Src/stm32f2xx_hal_exti.c ****   */
 395:Drivers/STM32F2xx_HAL_Driver/Src/stm32f2xx_hal_exti.c **** HAL_StatusTypeDef HAL_EXTI_GetHandle(EXTI_HandleTypeDef *hexti, uint32_t ExtiLine)
 396:Drivers/STM32F2xx_HAL_Driver/Src/stm32f2xx_hal_exti.c **** {
 622              		.loc 1 396 1 is_stmt 1 view -0
 623              		.cfi_startproc
 624              		@ args = 0, pretend = 0, frame = 0
 625              		@ frame_needed = 0, uses_anonymous_args = 0
 626              		@ link register save eliminated.
 397:Drivers/STM32F2xx_HAL_Driver/Src/stm32f2xx_hal_exti.c ****   /* Check the parameters */
 398:Drivers/STM32F2xx_HAL_Driver/Src/stm32f2xx_hal_exti.c ****   assert_param(IS_EXTI_LINE(ExtiLine));
 627              		.loc 1 398 3 view .LVU206
 399:Drivers/STM32F2xx_HAL_Driver/Src/stm32f2xx_hal_exti.c **** 
 400:Drivers/STM32F2xx_HAL_Driver/Src/stm32f2xx_hal_exti.c ****   /* Check null pointer */
 401:Drivers/STM32F2xx_HAL_Driver/Src/stm32f2xx_hal_exti.c ****   if (hexti == NULL)
 628              		.loc 1 401 3 view .LVU207
 629              		.loc 1 401 6 is_stmt 0 view .LVU208
 630 0000 10B1     		cbz	r0, .L51
ARM GAS  C:\Users\Artem\AppData\Local\Temp\cctfwtuB.s 			page 20


 402:Drivers/STM32F2xx_HAL_Driver/Src/stm32f2xx_hal_exti.c ****   {
 403:Drivers/STM32F2xx_HAL_Driver/Src/stm32f2xx_hal_exti.c ****     return HAL_ERROR;
 404:Drivers/STM32F2xx_HAL_Driver/Src/stm32f2xx_hal_exti.c ****   }
 405:Drivers/STM32F2xx_HAL_Driver/Src/stm32f2xx_hal_exti.c ****   else
 406:Drivers/STM32F2xx_HAL_Driver/Src/stm32f2xx_hal_exti.c ****   {
 407:Drivers/STM32F2xx_HAL_Driver/Src/stm32f2xx_hal_exti.c ****     /* Store line number as handle private field */
 408:Drivers/STM32F2xx_HAL_Driver/Src/stm32f2xx_hal_exti.c ****     hexti->Line = ExtiLine;
 631              		.loc 1 408 5 is_stmt 1 view .LVU209
 632              		.loc 1 408 17 is_stmt 0 view .LVU210
 633 0002 0160     		str	r1, [r0]
 409:Drivers/STM32F2xx_HAL_Driver/Src/stm32f2xx_hal_exti.c **** 
 410:Drivers/STM32F2xx_HAL_Driver/Src/stm32f2xx_hal_exti.c ****     return HAL_OK;
 634              		.loc 1 410 5 is_stmt 1 view .LVU211
 635              		.loc 1 410 12 is_stmt 0 view .LVU212
 636 0004 0020     		movs	r0, #0
 637              	.LVL50:
 638              		.loc 1 410 12 view .LVU213
 639 0006 7047     		bx	lr
 640              	.LVL51:
 641              	.L51:
 403:Drivers/STM32F2xx_HAL_Driver/Src/stm32f2xx_hal_exti.c ****   }
 642              		.loc 1 403 12 view .LVU214
 643 0008 0120     		movs	r0, #1
 644              	.LVL52:
 411:Drivers/STM32F2xx_HAL_Driver/Src/stm32f2xx_hal_exti.c ****   }
 412:Drivers/STM32F2xx_HAL_Driver/Src/stm32f2xx_hal_exti.c **** }
 645              		.loc 1 412 1 view .LVU215
 646 000a 7047     		bx	lr
 647              		.cfi_endproc
 648              	.LFE76:
 650              		.section	.text.HAL_EXTI_IRQHandler,"ax",%progbits
 651              		.align	1
 652              		.global	HAL_EXTI_IRQHandler
 653              		.syntax unified
 654              		.thumb
 655              		.thumb_func
 657              	HAL_EXTI_IRQHandler:
 658              	.LVL53:
 659              	.LFB77:
 413:Drivers/STM32F2xx_HAL_Driver/Src/stm32f2xx_hal_exti.c **** 
 414:Drivers/STM32F2xx_HAL_Driver/Src/stm32f2xx_hal_exti.c **** /**
 415:Drivers/STM32F2xx_HAL_Driver/Src/stm32f2xx_hal_exti.c ****   * @}
 416:Drivers/STM32F2xx_HAL_Driver/Src/stm32f2xx_hal_exti.c ****   */
 417:Drivers/STM32F2xx_HAL_Driver/Src/stm32f2xx_hal_exti.c **** 
 418:Drivers/STM32F2xx_HAL_Driver/Src/stm32f2xx_hal_exti.c **** /** @addtogroup EXTI_Exported_Functions_Group2
 419:Drivers/STM32F2xx_HAL_Driver/Src/stm32f2xx_hal_exti.c ****   *  @brief EXTI IO functions.
 420:Drivers/STM32F2xx_HAL_Driver/Src/stm32f2xx_hal_exti.c ****   *
 421:Drivers/STM32F2xx_HAL_Driver/Src/stm32f2xx_hal_exti.c **** @verbatim
 422:Drivers/STM32F2xx_HAL_Driver/Src/stm32f2xx_hal_exti.c ****  ===============================================================================
 423:Drivers/STM32F2xx_HAL_Driver/Src/stm32f2xx_hal_exti.c ****                        ##### IO operation functions #####
 424:Drivers/STM32F2xx_HAL_Driver/Src/stm32f2xx_hal_exti.c ****  ===============================================================================
 425:Drivers/STM32F2xx_HAL_Driver/Src/stm32f2xx_hal_exti.c **** 
 426:Drivers/STM32F2xx_HAL_Driver/Src/stm32f2xx_hal_exti.c **** @endverbatim
 427:Drivers/STM32F2xx_HAL_Driver/Src/stm32f2xx_hal_exti.c ****   * @{
 428:Drivers/STM32F2xx_HAL_Driver/Src/stm32f2xx_hal_exti.c ****   */
 429:Drivers/STM32F2xx_HAL_Driver/Src/stm32f2xx_hal_exti.c **** 
 430:Drivers/STM32F2xx_HAL_Driver/Src/stm32f2xx_hal_exti.c **** /**
ARM GAS  C:\Users\Artem\AppData\Local\Temp\cctfwtuB.s 			page 21


 431:Drivers/STM32F2xx_HAL_Driver/Src/stm32f2xx_hal_exti.c ****   * @brief  Handle EXTI interrupt request.
 432:Drivers/STM32F2xx_HAL_Driver/Src/stm32f2xx_hal_exti.c ****   * @param  hexti Exti handle.
 433:Drivers/STM32F2xx_HAL_Driver/Src/stm32f2xx_hal_exti.c ****   * @retval none.
 434:Drivers/STM32F2xx_HAL_Driver/Src/stm32f2xx_hal_exti.c ****   */
 435:Drivers/STM32F2xx_HAL_Driver/Src/stm32f2xx_hal_exti.c **** void HAL_EXTI_IRQHandler(EXTI_HandleTypeDef *hexti)
 436:Drivers/STM32F2xx_HAL_Driver/Src/stm32f2xx_hal_exti.c **** {
 660              		.loc 1 436 1 is_stmt 1 view -0
 661              		.cfi_startproc
 662              		@ args = 0, pretend = 0, frame = 0
 663              		@ frame_needed = 0, uses_anonymous_args = 0
 664              		.loc 1 436 1 is_stmt 0 view .LVU217
 665 0000 08B5     		push	{r3, lr}
 666              	.LCFI7:
 667              		.cfi_def_cfa_offset 8
 668              		.cfi_offset 3, -8
 669              		.cfi_offset 14, -4
 437:Drivers/STM32F2xx_HAL_Driver/Src/stm32f2xx_hal_exti.c ****   uint32_t regval;
 670              		.loc 1 437 3 is_stmt 1 view .LVU218
 438:Drivers/STM32F2xx_HAL_Driver/Src/stm32f2xx_hal_exti.c ****   uint32_t maskline;
 671              		.loc 1 438 3 view .LVU219
 439:Drivers/STM32F2xx_HAL_Driver/Src/stm32f2xx_hal_exti.c **** 
 440:Drivers/STM32F2xx_HAL_Driver/Src/stm32f2xx_hal_exti.c ****   /* Compute line mask */
 441:Drivers/STM32F2xx_HAL_Driver/Src/stm32f2xx_hal_exti.c ****   maskline = (1uL << (hexti->Line & EXTI_PIN_MASK));
 672              		.loc 1 441 3 view .LVU220
 673              		.loc 1 441 28 is_stmt 0 view .LVU221
 674 0002 0368     		ldr	r3, [r0]
 675              		.loc 1 441 35 view .LVU222
 676 0004 03F01F02 		and	r2, r3, #31
 677              		.loc 1 441 12 view .LVU223
 678 0008 0123     		movs	r3, #1
 679 000a 9340     		lsls	r3, r3, r2
 680              	.LVL54:
 442:Drivers/STM32F2xx_HAL_Driver/Src/stm32f2xx_hal_exti.c **** 
 443:Drivers/STM32F2xx_HAL_Driver/Src/stm32f2xx_hal_exti.c ****   /* Get pending bit  */
 444:Drivers/STM32F2xx_HAL_Driver/Src/stm32f2xx_hal_exti.c ****   regval = (EXTI->PR & maskline);
 681              		.loc 1 444 3 is_stmt 1 view .LVU224
 682              		.loc 1 444 17 is_stmt 0 view .LVU225
 683 000c 044A     		ldr	r2, .L55
 684 000e 5269     		ldr	r2, [r2, #20]
 685              	.LVL55:
 445:Drivers/STM32F2xx_HAL_Driver/Src/stm32f2xx_hal_exti.c ****   if (regval != 0x00u)
 686              		.loc 1 445 3 is_stmt 1 view .LVU226
 687              		.loc 1 445 6 is_stmt 0 view .LVU227
 688 0010 1A42     		tst	r2, r3
 689 0012 04D0     		beq	.L52
 446:Drivers/STM32F2xx_HAL_Driver/Src/stm32f2xx_hal_exti.c ****   {
 447:Drivers/STM32F2xx_HAL_Driver/Src/stm32f2xx_hal_exti.c ****     /* Clear pending bit */
 448:Drivers/STM32F2xx_HAL_Driver/Src/stm32f2xx_hal_exti.c ****     EXTI->PR = maskline;
 690              		.loc 1 448 5 is_stmt 1 view .LVU228
 691              		.loc 1 448 14 is_stmt 0 view .LVU229
 692 0014 024A     		ldr	r2, .L55
 693              	.LVL56:
 694              		.loc 1 448 14 view .LVU230
 695 0016 5361     		str	r3, [r2, #20]
 449:Drivers/STM32F2xx_HAL_Driver/Src/stm32f2xx_hal_exti.c **** 
 450:Drivers/STM32F2xx_HAL_Driver/Src/stm32f2xx_hal_exti.c ****     /* Call callback */
 451:Drivers/STM32F2xx_HAL_Driver/Src/stm32f2xx_hal_exti.c ****     if (hexti->PendingCallback != NULL)
ARM GAS  C:\Users\Artem\AppData\Local\Temp\cctfwtuB.s 			page 22


 696              		.loc 1 451 5 is_stmt 1 view .LVU231
 697              		.loc 1 451 14 is_stmt 0 view .LVU232
 698 0018 4368     		ldr	r3, [r0, #4]
 699              	.LVL57:
 700              		.loc 1 451 8 view .LVU233
 701 001a 03B1     		cbz	r3, .L52
 452:Drivers/STM32F2xx_HAL_Driver/Src/stm32f2xx_hal_exti.c ****     {
 453:Drivers/STM32F2xx_HAL_Driver/Src/stm32f2xx_hal_exti.c ****       hexti->PendingCallback();
 702              		.loc 1 453 7 is_stmt 1 view .LVU234
 703 001c 9847     		blx	r3
 704              	.LVL58:
 705              	.L52:
 454:Drivers/STM32F2xx_HAL_Driver/Src/stm32f2xx_hal_exti.c ****     }
 455:Drivers/STM32F2xx_HAL_Driver/Src/stm32f2xx_hal_exti.c ****   }
 456:Drivers/STM32F2xx_HAL_Driver/Src/stm32f2xx_hal_exti.c **** }
 706              		.loc 1 456 1 is_stmt 0 view .LVU235
 707 001e 08BD     		pop	{r3, pc}
 708              	.L56:
 709              		.align	2
 710              	.L55:
 711 0020 003C0140 		.word	1073822720
 712              		.cfi_endproc
 713              	.LFE77:
 715              		.section	.text.HAL_EXTI_GetPending,"ax",%progbits
 716              		.align	1
 717              		.global	HAL_EXTI_GetPending
 718              		.syntax unified
 719              		.thumb
 720              		.thumb_func
 722              	HAL_EXTI_GetPending:
 723              	.LVL59:
 724              	.LFB78:
 457:Drivers/STM32F2xx_HAL_Driver/Src/stm32f2xx_hal_exti.c **** 
 458:Drivers/STM32F2xx_HAL_Driver/Src/stm32f2xx_hal_exti.c **** /**
 459:Drivers/STM32F2xx_HAL_Driver/Src/stm32f2xx_hal_exti.c ****   * @brief  Get interrupt pending bit of a dedicated line.
 460:Drivers/STM32F2xx_HAL_Driver/Src/stm32f2xx_hal_exti.c ****   * @param  hexti Exti handle.
 461:Drivers/STM32F2xx_HAL_Driver/Src/stm32f2xx_hal_exti.c ****   * @param  Edge Specify which pending edge as to be checked.
 462:Drivers/STM32F2xx_HAL_Driver/Src/stm32f2xx_hal_exti.c ****   *         This parameter can be one of the following values:
 463:Drivers/STM32F2xx_HAL_Driver/Src/stm32f2xx_hal_exti.c ****   *           @arg @ref EXTI_TRIGGER_RISING_FALLING
 464:Drivers/STM32F2xx_HAL_Driver/Src/stm32f2xx_hal_exti.c ****   *         This parameter is kept for compatibility with other series.
 465:Drivers/STM32F2xx_HAL_Driver/Src/stm32f2xx_hal_exti.c ****   * @retval 1 if interrupt is pending else 0.
 466:Drivers/STM32F2xx_HAL_Driver/Src/stm32f2xx_hal_exti.c ****   */
 467:Drivers/STM32F2xx_HAL_Driver/Src/stm32f2xx_hal_exti.c **** uint32_t HAL_EXTI_GetPending(EXTI_HandleTypeDef *hexti, uint32_t Edge)
 468:Drivers/STM32F2xx_HAL_Driver/Src/stm32f2xx_hal_exti.c **** {
 725              		.loc 1 468 1 is_stmt 1 view -0
 726              		.cfi_startproc
 727              		@ args = 0, pretend = 0, frame = 0
 728              		@ frame_needed = 0, uses_anonymous_args = 0
 729              		@ link register save eliminated.
 469:Drivers/STM32F2xx_HAL_Driver/Src/stm32f2xx_hal_exti.c ****   uint32_t regval;
 730              		.loc 1 469 3 view .LVU237
 470:Drivers/STM32F2xx_HAL_Driver/Src/stm32f2xx_hal_exti.c ****   uint32_t linepos;
 731              		.loc 1 470 3 view .LVU238
 471:Drivers/STM32F2xx_HAL_Driver/Src/stm32f2xx_hal_exti.c ****   uint32_t maskline;
 732              		.loc 1 471 3 view .LVU239
 472:Drivers/STM32F2xx_HAL_Driver/Src/stm32f2xx_hal_exti.c **** 
 473:Drivers/STM32F2xx_HAL_Driver/Src/stm32f2xx_hal_exti.c ****   /* Check parameters */
ARM GAS  C:\Users\Artem\AppData\Local\Temp\cctfwtuB.s 			page 23


 474:Drivers/STM32F2xx_HAL_Driver/Src/stm32f2xx_hal_exti.c ****   assert_param(IS_EXTI_LINE(hexti->Line));
 733              		.loc 1 474 3 view .LVU240
 475:Drivers/STM32F2xx_HAL_Driver/Src/stm32f2xx_hal_exti.c ****   assert_param(IS_EXTI_CONFIG_LINE(hexti->Line));
 734              		.loc 1 475 3 view .LVU241
 476:Drivers/STM32F2xx_HAL_Driver/Src/stm32f2xx_hal_exti.c ****   assert_param(IS_EXTI_PENDING_EDGE(Edge));
 735              		.loc 1 476 3 view .LVU242
 477:Drivers/STM32F2xx_HAL_Driver/Src/stm32f2xx_hal_exti.c **** 
 478:Drivers/STM32F2xx_HAL_Driver/Src/stm32f2xx_hal_exti.c ****   /* Compute line mask */
 479:Drivers/STM32F2xx_HAL_Driver/Src/stm32f2xx_hal_exti.c ****   linepos = (hexti->Line & EXTI_PIN_MASK);
 736              		.loc 1 479 3 view .LVU243
 737              		.loc 1 479 19 is_stmt 0 view .LVU244
 738 0000 0368     		ldr	r3, [r0]
 739              		.loc 1 479 11 view .LVU245
 740 0002 03F01F03 		and	r3, r3, #31
 741              	.LVL60:
 480:Drivers/STM32F2xx_HAL_Driver/Src/stm32f2xx_hal_exti.c ****   maskline = (1uL << linepos);
 742              		.loc 1 480 3 is_stmt 1 view .LVU246
 743              		.loc 1 480 12 is_stmt 0 view .LVU247
 744 0006 0120     		movs	r0, #1
 745              	.LVL61:
 746              		.loc 1 480 12 view .LVU248
 747 0008 00FA03F2 		lsl	r2, r0, r3
 748              	.LVL62:
 481:Drivers/STM32F2xx_HAL_Driver/Src/stm32f2xx_hal_exti.c **** 
 482:Drivers/STM32F2xx_HAL_Driver/Src/stm32f2xx_hal_exti.c ****   /* return 1 if bit is set else 0 */
 483:Drivers/STM32F2xx_HAL_Driver/Src/stm32f2xx_hal_exti.c ****   regval = ((EXTI->PR & maskline) >> linepos);
 749              		.loc 1 483 3 is_stmt 1 view .LVU249
 750              		.loc 1 483 18 is_stmt 0 view .LVU250
 751 000c 0249     		ldr	r1, .L58
 752              	.LVL63:
 753              		.loc 1 483 18 view .LVU251
 754 000e 4869     		ldr	r0, [r1, #20]
 755              		.loc 1 483 23 view .LVU252
 756 0010 1040     		ands	r0, r0, r2
 757              	.LVL64:
 484:Drivers/STM32F2xx_HAL_Driver/Src/stm32f2xx_hal_exti.c ****   return regval;
 758              		.loc 1 484 3 is_stmt 1 view .LVU253
 485:Drivers/STM32F2xx_HAL_Driver/Src/stm32f2xx_hal_exti.c **** }
 759              		.loc 1 485 1 is_stmt 0 view .LVU254
 760 0012 D840     		lsrs	r0, r0, r3
 761              	.LVL65:
 762              		.loc 1 485 1 view .LVU255
 763 0014 7047     		bx	lr
 764              	.L59:
 765 0016 00BF     		.align	2
 766              	.L58:
 767 0018 003C0140 		.word	1073822720
 768              		.cfi_endproc
 769              	.LFE78:
 771              		.section	.text.HAL_EXTI_ClearPending,"ax",%progbits
 772              		.align	1
 773              		.global	HAL_EXTI_ClearPending
 774              		.syntax unified
 775              		.thumb
 776              		.thumb_func
 778              	HAL_EXTI_ClearPending:
 779              	.LVL66:
ARM GAS  C:\Users\Artem\AppData\Local\Temp\cctfwtuB.s 			page 24


 780              	.LFB79:
 486:Drivers/STM32F2xx_HAL_Driver/Src/stm32f2xx_hal_exti.c **** 
 487:Drivers/STM32F2xx_HAL_Driver/Src/stm32f2xx_hal_exti.c **** /**
 488:Drivers/STM32F2xx_HAL_Driver/Src/stm32f2xx_hal_exti.c ****   * @brief  Clear interrupt pending bit of a dedicated line.
 489:Drivers/STM32F2xx_HAL_Driver/Src/stm32f2xx_hal_exti.c ****   * @param  hexti Exti handle.
 490:Drivers/STM32F2xx_HAL_Driver/Src/stm32f2xx_hal_exti.c ****   * @param  Edge Specify which pending edge as to be clear.
 491:Drivers/STM32F2xx_HAL_Driver/Src/stm32f2xx_hal_exti.c ****   *         This parameter can be one of the following values:
 492:Drivers/STM32F2xx_HAL_Driver/Src/stm32f2xx_hal_exti.c ****   *           @arg @ref EXTI_TRIGGER_RISING_FALLING
 493:Drivers/STM32F2xx_HAL_Driver/Src/stm32f2xx_hal_exti.c ****   *         This parameter is kept for compatibility with other series.
 494:Drivers/STM32F2xx_HAL_Driver/Src/stm32f2xx_hal_exti.c ****   * @retval None.
 495:Drivers/STM32F2xx_HAL_Driver/Src/stm32f2xx_hal_exti.c ****   */
 496:Drivers/STM32F2xx_HAL_Driver/Src/stm32f2xx_hal_exti.c **** void HAL_EXTI_ClearPending(EXTI_HandleTypeDef *hexti, uint32_t Edge)
 497:Drivers/STM32F2xx_HAL_Driver/Src/stm32f2xx_hal_exti.c **** {
 781              		.loc 1 497 1 is_stmt 1 view -0
 782              		.cfi_startproc
 783              		@ args = 0, pretend = 0, frame = 0
 784              		@ frame_needed = 0, uses_anonymous_args = 0
 785              		@ link register save eliminated.
 498:Drivers/STM32F2xx_HAL_Driver/Src/stm32f2xx_hal_exti.c ****   uint32_t maskline;
 786              		.loc 1 498 3 view .LVU257
 499:Drivers/STM32F2xx_HAL_Driver/Src/stm32f2xx_hal_exti.c **** 
 500:Drivers/STM32F2xx_HAL_Driver/Src/stm32f2xx_hal_exti.c ****   /* Check parameters */
 501:Drivers/STM32F2xx_HAL_Driver/Src/stm32f2xx_hal_exti.c ****   assert_param(IS_EXTI_LINE(hexti->Line));
 787              		.loc 1 501 3 view .LVU258
 502:Drivers/STM32F2xx_HAL_Driver/Src/stm32f2xx_hal_exti.c ****   assert_param(IS_EXTI_CONFIG_LINE(hexti->Line));
 788              		.loc 1 502 3 view .LVU259
 503:Drivers/STM32F2xx_HAL_Driver/Src/stm32f2xx_hal_exti.c ****   assert_param(IS_EXTI_PENDING_EDGE(Edge));
 789              		.loc 1 503 3 view .LVU260
 504:Drivers/STM32F2xx_HAL_Driver/Src/stm32f2xx_hal_exti.c **** 
 505:Drivers/STM32F2xx_HAL_Driver/Src/stm32f2xx_hal_exti.c ****   /* Compute line mask */
 506:Drivers/STM32F2xx_HAL_Driver/Src/stm32f2xx_hal_exti.c ****   maskline = (1uL << (hexti->Line & EXTI_PIN_MASK));
 790              		.loc 1 506 3 view .LVU261
 791              		.loc 1 506 28 is_stmt 0 view .LVU262
 792 0000 0268     		ldr	r2, [r0]
 793              		.loc 1 506 35 view .LVU263
 794 0002 02F01F02 		and	r2, r2, #31
 795              		.loc 1 506 12 view .LVU264
 796 0006 0123     		movs	r3, #1
 797 0008 9340     		lsls	r3, r3, r2
 798              	.LVL67:
 507:Drivers/STM32F2xx_HAL_Driver/Src/stm32f2xx_hal_exti.c **** 
 508:Drivers/STM32F2xx_HAL_Driver/Src/stm32f2xx_hal_exti.c ****   /* Clear Pending bit */
 509:Drivers/STM32F2xx_HAL_Driver/Src/stm32f2xx_hal_exti.c ****   EXTI->PR =  maskline;
 799              		.loc 1 509 3 is_stmt 1 view .LVU265
 800              		.loc 1 509 12 is_stmt 0 view .LVU266
 801 000a 014A     		ldr	r2, .L61
 802 000c 5361     		str	r3, [r2, #20]
 510:Drivers/STM32F2xx_HAL_Driver/Src/stm32f2xx_hal_exti.c **** }
 803              		.loc 1 510 1 view .LVU267
 804 000e 7047     		bx	lr
 805              	.L62:
 806              		.align	2
 807              	.L61:
 808 0010 003C0140 		.word	1073822720
 809              		.cfi_endproc
 810              	.LFE79:
 812              		.section	.text.HAL_EXTI_GenerateSWI,"ax",%progbits
ARM GAS  C:\Users\Artem\AppData\Local\Temp\cctfwtuB.s 			page 25


 813              		.align	1
 814              		.global	HAL_EXTI_GenerateSWI
 815              		.syntax unified
 816              		.thumb
 817              		.thumb_func
 819              	HAL_EXTI_GenerateSWI:
 820              	.LVL68:
 821              	.LFB80:
 511:Drivers/STM32F2xx_HAL_Driver/Src/stm32f2xx_hal_exti.c **** 
 512:Drivers/STM32F2xx_HAL_Driver/Src/stm32f2xx_hal_exti.c **** /**
 513:Drivers/STM32F2xx_HAL_Driver/Src/stm32f2xx_hal_exti.c ****   * @brief  Generate a software interrupt for a dedicated line.
 514:Drivers/STM32F2xx_HAL_Driver/Src/stm32f2xx_hal_exti.c ****   * @param  hexti Exti handle.
 515:Drivers/STM32F2xx_HAL_Driver/Src/stm32f2xx_hal_exti.c ****   * @retval None.
 516:Drivers/STM32F2xx_HAL_Driver/Src/stm32f2xx_hal_exti.c ****   */
 517:Drivers/STM32F2xx_HAL_Driver/Src/stm32f2xx_hal_exti.c **** void HAL_EXTI_GenerateSWI(EXTI_HandleTypeDef *hexti)
 518:Drivers/STM32F2xx_HAL_Driver/Src/stm32f2xx_hal_exti.c **** {
 822              		.loc 1 518 1 is_stmt 1 view -0
 823              		.cfi_startproc
 824              		@ args = 0, pretend = 0, frame = 0
 825              		@ frame_needed = 0, uses_anonymous_args = 0
 826              		@ link register save eliminated.
 519:Drivers/STM32F2xx_HAL_Driver/Src/stm32f2xx_hal_exti.c ****   uint32_t maskline;
 827              		.loc 1 519 3 view .LVU269
 520:Drivers/STM32F2xx_HAL_Driver/Src/stm32f2xx_hal_exti.c **** 
 521:Drivers/STM32F2xx_HAL_Driver/Src/stm32f2xx_hal_exti.c ****   /* Check parameters */
 522:Drivers/STM32F2xx_HAL_Driver/Src/stm32f2xx_hal_exti.c ****   assert_param(IS_EXTI_LINE(hexti->Line));
 828              		.loc 1 522 3 view .LVU270
 523:Drivers/STM32F2xx_HAL_Driver/Src/stm32f2xx_hal_exti.c ****   assert_param(IS_EXTI_CONFIG_LINE(hexti->Line));
 829              		.loc 1 523 3 view .LVU271
 524:Drivers/STM32F2xx_HAL_Driver/Src/stm32f2xx_hal_exti.c **** 
 525:Drivers/STM32F2xx_HAL_Driver/Src/stm32f2xx_hal_exti.c ****   /* Compute line mask */
 526:Drivers/STM32F2xx_HAL_Driver/Src/stm32f2xx_hal_exti.c ****   maskline = (1uL << (hexti->Line & EXTI_PIN_MASK));
 830              		.loc 1 526 3 view .LVU272
 831              		.loc 1 526 28 is_stmt 0 view .LVU273
 832 0000 0268     		ldr	r2, [r0]
 833              		.loc 1 526 35 view .LVU274
 834 0002 02F01F02 		and	r2, r2, #31
 835              		.loc 1 526 12 view .LVU275
 836 0006 0123     		movs	r3, #1
 837 0008 9340     		lsls	r3, r3, r2
 838              	.LVL69:
 527:Drivers/STM32F2xx_HAL_Driver/Src/stm32f2xx_hal_exti.c **** 
 528:Drivers/STM32F2xx_HAL_Driver/Src/stm32f2xx_hal_exti.c ****   /* Generate Software interrupt */
 529:Drivers/STM32F2xx_HAL_Driver/Src/stm32f2xx_hal_exti.c ****   EXTI->SWIER = maskline;
 839              		.loc 1 529 3 is_stmt 1 view .LVU276
 840              		.loc 1 529 15 is_stmt 0 view .LVU277
 841 000a 014A     		ldr	r2, .L64
 842 000c 1361     		str	r3, [r2, #16]
 530:Drivers/STM32F2xx_HAL_Driver/Src/stm32f2xx_hal_exti.c **** }
 843              		.loc 1 530 1 view .LVU278
 844 000e 7047     		bx	lr
 845              	.L65:
 846              		.align	2
 847              	.L64:
 848 0010 003C0140 		.word	1073822720
 849              		.cfi_endproc
 850              	.LFE80:
ARM GAS  C:\Users\Artem\AppData\Local\Temp\cctfwtuB.s 			page 26


 852              		.text
 853              	.Letext0:
 854              		.file 2 "c:\\toolchain\\gcc-arm-none-eabi-10.3-2021.10\\arm-none-eabi\\include\\machine\\_default_
 855              		.file 3 "c:\\toolchain\\gcc-arm-none-eabi-10.3-2021.10\\arm-none-eabi\\include\\sys\\_stdint.h"
 856              		.file 4 "Drivers/CMSIS/Device/ST/STM32F2xx/Include/stm32f207xx.h"
 857              		.file 5 "Drivers/STM32F2xx_HAL_Driver/Inc/stm32f2xx_hal_def.h"
 858              		.file 6 "Drivers/STM32F2xx_HAL_Driver/Inc/stm32f2xx_hal_exti.h"
ARM GAS  C:\Users\Artem\AppData\Local\Temp\cctfwtuB.s 			page 27


DEFINED SYMBOLS
                            *ABS*:00000000 stm32f2xx_hal_exti.c
C:\Users\Artem\AppData\Local\Temp\cctfwtuB.s:18     .text.HAL_EXTI_SetConfigLine:00000000 $t
C:\Users\Artem\AppData\Local\Temp\cctfwtuB.s:24     .text.HAL_EXTI_SetConfigLine:00000000 HAL_EXTI_SetConfigLine
C:\Users\Artem\AppData\Local\Temp\cctfwtuB.s:242    .text.HAL_EXTI_SetConfigLine:000000d0 $d
C:\Users\Artem\AppData\Local\Temp\cctfwtuB.s:248    .text.HAL_EXTI_GetConfigLine:00000000 $t
C:\Users\Artem\AppData\Local\Temp\cctfwtuB.s:254    .text.HAL_EXTI_GetConfigLine:00000000 HAL_EXTI_GetConfigLine
C:\Users\Artem\AppData\Local\Temp\cctfwtuB.s:416    .text.HAL_EXTI_GetConfigLine:0000009c $d
C:\Users\Artem\AppData\Local\Temp\cctfwtuB.s:422    .text.HAL_EXTI_ClearConfigLine:00000000 $t
C:\Users\Artem\AppData\Local\Temp\cctfwtuB.s:428    .text.HAL_EXTI_ClearConfigLine:00000000 HAL_EXTI_ClearConfigLine
C:\Users\Artem\AppData\Local\Temp\cctfwtuB.s:568    .text.HAL_EXTI_ClearConfigLine:00000080 $d
C:\Users\Artem\AppData\Local\Temp\cctfwtuB.s:574    .text.HAL_EXTI_RegisterCallback:00000000 $t
C:\Users\Artem\AppData\Local\Temp\cctfwtuB.s:580    .text.HAL_EXTI_RegisterCallback:00000000 HAL_EXTI_RegisterCallback
C:\Users\Artem\AppData\Local\Temp\cctfwtuB.s:613    .text.HAL_EXTI_GetHandle:00000000 $t
C:\Users\Artem\AppData\Local\Temp\cctfwtuB.s:619    .text.HAL_EXTI_GetHandle:00000000 HAL_EXTI_GetHandle
C:\Users\Artem\AppData\Local\Temp\cctfwtuB.s:651    .text.HAL_EXTI_IRQHandler:00000000 $t
C:\Users\Artem\AppData\Local\Temp\cctfwtuB.s:657    .text.HAL_EXTI_IRQHandler:00000000 HAL_EXTI_IRQHandler
C:\Users\Artem\AppData\Local\Temp\cctfwtuB.s:711    .text.HAL_EXTI_IRQHandler:00000020 $d
C:\Users\Artem\AppData\Local\Temp\cctfwtuB.s:716    .text.HAL_EXTI_GetPending:00000000 $t
C:\Users\Artem\AppData\Local\Temp\cctfwtuB.s:722    .text.HAL_EXTI_GetPending:00000000 HAL_EXTI_GetPending
C:\Users\Artem\AppData\Local\Temp\cctfwtuB.s:767    .text.HAL_EXTI_GetPending:00000018 $d
C:\Users\Artem\AppData\Local\Temp\cctfwtuB.s:772    .text.HAL_EXTI_ClearPending:00000000 $t
C:\Users\Artem\AppData\Local\Temp\cctfwtuB.s:778    .text.HAL_EXTI_ClearPending:00000000 HAL_EXTI_ClearPending
C:\Users\Artem\AppData\Local\Temp\cctfwtuB.s:808    .text.HAL_EXTI_ClearPending:00000010 $d
C:\Users\Artem\AppData\Local\Temp\cctfwtuB.s:813    .text.HAL_EXTI_GenerateSWI:00000000 $t
C:\Users\Artem\AppData\Local\Temp\cctfwtuB.s:819    .text.HAL_EXTI_GenerateSWI:00000000 HAL_EXTI_GenerateSWI
C:\Users\Artem\AppData\Local\Temp\cctfwtuB.s:848    .text.HAL_EXTI_GenerateSWI:00000010 $d

NO UNDEFINED SYMBOLS
